ERROR - 2021-09-18 18:08:46 --> Error connecting to the database: Call to undefined function CodeIgniter\Database\Postgre\pg_connect()
ERROR - 2021-09-18 18:13:10 --> Error connecting to the database: Call to undefined function CodeIgniter\Database\Postgre\pg_connect()
CRITICAL - 2021-09-18 18:16:33 --> Class 'CodeIgniter\Database\postgre\Connection' not found
#0 /opt/lampp/htdocs/bsblapi/vendor/codeigniter4/framework/system/Database/Database.php(56): CodeIgniter\Database\Database->initDriver()
#1 /opt/lampp/htdocs/bsblapi/vendor/codeigniter4/framework/system/Database/Config.php(78): CodeIgniter\Database\Database->load()
#2 /opt/lampp/htdocs/bsblapi/vendor/codeigniter4/framework/system/Common.php(311): CodeIgniter\Database\Config::connect()
#3 /opt/lampp/htdocs/bsblapi/vendor/codeigniter4/framework/system/Database/MigrationRunner.php(149): db_connect()
#4 /opt/lampp/htdocs/bsblapi/vendor/codeigniter4/framework/system/Config/Services.php(376): CodeIgniter\Database\MigrationRunner->__construct()
#5 /opt/lampp/htdocs/bsblapi/vendor/codeigniter4/framework/system/Config/BaseService.php(248): CodeIgniter\Config\Services::migrations()
#6 /opt/lampp/htdocs/bsblapi/vendor/codeigniter4/framework/system/Config/BaseService.php(189): CodeIgniter\Config\BaseService::__callStatic()
#7 /opt/lampp/htdocs/bsblapi/vendor/codeigniter4/framework/system/Config/Services.php(371): CodeIgniter\Config\BaseService::getSharedInstance()
#8 /opt/lampp/htdocs/bsblapi/vendor/codeigniter4/framework/system/Config/BaseService.php(248): CodeIgniter\Config\Services::migrations()
#9 /opt/lampp/htdocs/bsblapi/vendor/codeigniter4/framework/system/Commands/Database/Migrate.php(69): CodeIgniter\Config\BaseService::__callStatic()
#10 /opt/lampp/htdocs/bsblapi/vendor/codeigniter4/framework/system/CLI/Commands.php(63): CodeIgniter\Commands\Database\Migrate->run()
#11 /opt/lampp/htdocs/bsblapi/vendor/codeigniter4/framework/system/CLI/CommandRunner.php(70): CodeIgniter\CLI\Commands->run()
#12 /opt/lampp/htdocs/bsblapi/vendor/codeigniter4/framework/system/CLI/CommandRunner.php(56): CodeIgniter\CLI\CommandRunner->index()
#13 /opt/lampp/htdocs/bsblapi/vendor/codeigniter4/framework/system/CodeIgniter.php(800): CodeIgniter\CLI\CommandRunner->_remap()
#14 /opt/lampp/htdocs/bsblapi/vendor/codeigniter4/framework/system/CodeIgniter.php(399): CodeIgniter\CodeIgniter->runController()
#15 /opt/lampp/htdocs/bsblapi/vendor/codeigniter4/framework/system/CodeIgniter.php(317): CodeIgniter\CodeIgniter->handleRequest()
#16 /opt/lampp/htdocs/bsblapi/vendor/codeigniter4/framework/system/CLI/Console.php(48): CodeIgniter\CodeIgniter->run()
#17 /opt/lampp/htdocs/bsblapi/spark(63): CodeIgniter\CLI\Console->run()
#18 {main}
ERROR - 2021-09-18 18:17:08 --> Error connecting to the database: Call to undefined function CodeIgniter\Database\Postgre\pg_connect()
ERROR - 2021-09-18 18:17:54 --> Error connecting to the database: Call to undefined function CodeIgniter\Database\Postgre\pg_connect()
ERROR - 2021-09-18 18:22:08 --> Error connecting to the database: Call to undefined function CodeIgniter\Database\Postgre\pg_connect()
ERROR - 2021-09-18 18:25:10 --> Error connecting to the database: pg_connect(): Unable to connect to PostgreSQL server: fe_sendauth: no password supplied
ERROR - 2021-09-18 18:28:54 --> Error connecting to the database: pg_connect(): Unable to connect to PostgreSQL server: invalid sslmode value: "1"
ERROR - 2021-09-18 18:29:19 --> ErrorException: pg_query(): Query failed: ERROR:  type "enum" does not exist
LINE 11:  "kelamin" ENUM('laki-lakiperempuan') NOT NULL,
                    ^ in /opt/lampp/htdocs/bsblapi/vendor/codeigniter4/framework/system/Database/Postgre/Connection.php:136
Stack trace:
#0 [internal function]: CodeIgniter\Debug\Exceptions->errorHandler()
#1 /opt/lampp/htdocs/bsblapi/vendor/codeigniter4/framework/system/Database/Postgre/Connection.php(136): pg_query()
#2 /opt/lampp/htdocs/bsblapi/vendor/codeigniter4/framework/system/Database/BaseConnection.php(663): CodeIgniter\Database\Postgre\Connection->execute()
#3 /opt/lampp/htdocs/bsblapi/vendor/codeigniter4/framework/system/Database/BaseConnection.php(591): CodeIgniter\Database\BaseConnection->simpleQuery()
#4 /opt/lampp/htdocs/bsblapi/vendor/codeigniter4/framework/system/Database/Forge.php(442): CodeIgniter\Database\BaseConnection->query()
#5 /opt/lampp/htdocs/bsblapi/app/Database/Migrations/2021-09-18-224710_Nasabah.php(78): CodeIgniter\Database\Forge->createTable()
#6 /opt/lampp/htdocs/bsblapi/vendor/codeigniter4/framework/system/Database/MigrationRunner.php(863): App\Database\Migrations\Nasabah->up()
#7 /opt/lampp/htdocs/bsblapi/vendor/codeigniter4/framework/system/Database/MigrationRunner.php(186): CodeIgniter\Database\MigrationRunner->migrate()
#8 /opt/lampp/htdocs/bsblapi/vendor/codeigniter4/framework/system/Commands/Database/Migrate.php(84): CodeIgniter\Database\MigrationRunner->latest()
#9 /opt/lampp/htdocs/bsblapi/vendor/codeigniter4/framework/system/CLI/Commands.php(63): CodeIgniter\Commands\Database\Migrate->run()
#10 /opt/lampp/htdocs/bsblapi/vendor/codeigniter4/framework/system/CLI/CommandRunner.php(70): CodeIgniter\CLI\Commands->run()
#11 /opt/lampp/htdocs/bsblapi/vendor/codeigniter4/framework/system/CLI/CommandRunner.php(56): CodeIgniter\CLI\CommandRunner->index()
#12 /opt/lampp/htdocs/bsblapi/vendor/codeigniter4/framework/system/CodeIgniter.php(800): CodeIgniter\CLI\CommandRunner->_remap()
#13 /opt/lampp/htdocs/bsblapi/vendor/codeigniter4/framework/system/CodeIgniter.php(399): CodeIgniter\CodeIgniter->runController()
#14 /opt/lampp/htdocs/bsblapi/vendor/codeigniter4/framework/system/CodeIgniter.php(317): CodeIgniter\CodeIgniter->handleRequest()
#15 /opt/lampp/htdocs/bsblapi/vendor/codeigniter4/framework/system/CLI/Console.php(48): CodeIgniter\CodeIgniter->run()
#16 /opt/lampp/htdocs/bsblapi/spark(63): CodeIgniter\CLI\Console->run()
#17 {main}
ERROR - 2021-09-18 18:33:49 --> ErrorException: pg_query(): Query failed: ERROR:  type "enum" does not exist
LINE 11:  "kelamin" ENUM(10) NOT NULL,
                    ^ in /opt/lampp/htdocs/bsblapi/vendor/codeigniter4/framework/system/Database/Postgre/Connection.php:136
Stack trace:
#0 [internal function]: CodeIgniter\Debug\Exceptions->errorHandler()
#1 /opt/lampp/htdocs/bsblapi/vendor/codeigniter4/framework/system/Database/Postgre/Connection.php(136): pg_query()
#2 /opt/lampp/htdocs/bsblapi/vendor/codeigniter4/framework/system/Database/BaseConnection.php(663): CodeIgniter\Database\Postgre\Connection->execute()
#3 /opt/lampp/htdocs/bsblapi/vendor/codeigniter4/framework/system/Database/BaseConnection.php(591): CodeIgniter\Database\BaseConnection->simpleQuery()
#4 /opt/lampp/htdocs/bsblapi/vendor/codeigniter4/framework/system/Database/Forge.php(442): CodeIgniter\Database\BaseConnection->query()
#5 /opt/lampp/htdocs/bsblapi/app/Database/Migrations/2021-09-18-224710_Nasabah.php(78): CodeIgniter\Database\Forge->createTable()
#6 /opt/lampp/htdocs/bsblapi/vendor/codeigniter4/framework/system/Database/MigrationRunner.php(863): App\Database\Migrations\Nasabah->up()
#7 /opt/lampp/htdocs/bsblapi/vendor/codeigniter4/framework/system/Database/MigrationRunner.php(186): CodeIgniter\Database\MigrationRunner->migrate()
#8 /opt/lampp/htdocs/bsblapi/vendor/codeigniter4/framework/system/Commands/Database/Migrate.php(84): CodeIgniter\Database\MigrationRunner->latest()
#9 /opt/lampp/htdocs/bsblapi/vendor/codeigniter4/framework/system/CLI/Commands.php(63): CodeIgniter\Commands\Database\Migrate->run()
#10 /opt/lampp/htdocs/bsblapi/vendor/codeigniter4/framework/system/CLI/CommandRunner.php(70): CodeIgniter\CLI\Commands->run()
#11 /opt/lampp/htdocs/bsblapi/vendor/codeigniter4/framework/system/CLI/CommandRunner.php(56): CodeIgniter\CLI\CommandRunner->index()
#12 /opt/lampp/htdocs/bsblapi/vendor/codeigniter4/framework/system/CodeIgniter.php(800): CodeIgniter\CLI\CommandRunner->_remap()
#13 /opt/lampp/htdocs/bsblapi/vendor/codeigniter4/framework/system/CodeIgniter.php(399): CodeIgniter\CodeIgniter->runController()
#14 /opt/lampp/htdocs/bsblapi/vendor/codeigniter4/framework/system/CodeIgniter.php(317): CodeIgniter\CodeIgniter->handleRequest()
#15 /opt/lampp/htdocs/bsblapi/vendor/codeigniter4/framework/system/CLI/Console.php(48): CodeIgniter\CodeIgniter->run()
#16 /opt/lampp/htdocs/bsblapi/spark(63): CodeIgniter\CLI\Console->run()
#17 {main}
ERROR - 2021-09-18 19:08:33 --> ErrorException: pg_query(): Query failed: ERROR:  type "enum" does not exist
LINE 11:  "kelamin" ENUM("laki-laki","perempuan") NOT NULL,
                    ^ in /opt/lampp/htdocs/bsblapi/vendor/codeigniter4/framework/system/Database/Postgre/Connection.php:136
Stack trace:
#0 [internal function]: CodeIgniter\Debug\Exceptions->errorHandler()
#1 /opt/lampp/htdocs/bsblapi/vendor/codeigniter4/framework/system/Database/Postgre/Connection.php(136): pg_query()
#2 /opt/lampp/htdocs/bsblapi/vendor/codeigniter4/framework/system/Database/BaseConnection.php(663): CodeIgniter\Database\Postgre\Connection->execute()
#3 /opt/lampp/htdocs/bsblapi/vendor/codeigniter4/framework/system/Database/BaseConnection.php(591): CodeIgniter\Database\BaseConnection->simpleQuery()
#4 /opt/lampp/htdocs/bsblapi/vendor/codeigniter4/framework/system/Database/Forge.php(442): CodeIgniter\Database\BaseConnection->query()
#5 /opt/lampp/htdocs/bsblapi/app/Database/Migrations/2021-09-18-224710_Nasabah.php(77): CodeIgniter\Database\Forge->createTable()
#6 /opt/lampp/htdocs/bsblapi/vendor/codeigniter4/framework/system/Database/MigrationRunner.php(863): App\Database\Migrations\Nasabah->up()
#7 /opt/lampp/htdocs/bsblapi/vendor/codeigniter4/framework/system/Database/MigrationRunner.php(186): CodeIgniter\Database\MigrationRunner->migrate()
#8 /opt/lampp/htdocs/bsblapi/vendor/codeigniter4/framework/system/Commands/Database/Migrate.php(84): CodeIgniter\Database\MigrationRunner->latest()
#9 /opt/lampp/htdocs/bsblapi/vendor/codeigniter4/framework/system/CLI/Commands.php(63): CodeIgniter\Commands\Database\Migrate->run()
#10 /opt/lampp/htdocs/bsblapi/vendor/codeigniter4/framework/system/CLI/CommandRunner.php(70): CodeIgniter\CLI\Commands->run()
#11 /opt/lampp/htdocs/bsblapi/vendor/codeigniter4/framework/system/CLI/CommandRunner.php(56): CodeIgniter\CLI\CommandRunner->index()
#12 /opt/lampp/htdocs/bsblapi/vendor/codeigniter4/framework/system/CodeIgniter.php(800): CodeIgniter\CLI\CommandRunner->_remap()
#13 /opt/lampp/htdocs/bsblapi/vendor/codeigniter4/framework/system/CodeIgniter.php(399): CodeIgniter\CodeIgniter->runController()
#14 /opt/lampp/htdocs/bsblapi/vendor/codeigniter4/framework/system/CodeIgniter.php(317): CodeIgniter\CodeIgniter->handleRequest()
#15 /opt/lampp/htdocs/bsblapi/vendor/codeigniter4/framework/system/CLI/Console.php(48): CodeIgniter\CodeIgniter->run()
#16 /opt/lampp/htdocs/bsblapi/spark(63): CodeIgniter\CLI\Console->run()
#17 {main}
ERROR - 2021-09-18 19:09:33 --> ErrorException: pg_query(): Query failed: ERROR:  type "enum" does not exist
LINE 11:  "kelamin" ENUM("laki-laki","perempuan") DEFAULT 'laki-laki'...
                    ^ in /opt/lampp/htdocs/bsblapi/vendor/codeigniter4/framework/system/Database/Postgre/Connection.php:136
Stack trace:
#0 [internal function]: CodeIgniter\Debug\Exceptions->errorHandler()
#1 /opt/lampp/htdocs/bsblapi/vendor/codeigniter4/framework/system/Database/Postgre/Connection.php(136): pg_query()
#2 /opt/lampp/htdocs/bsblapi/vendor/codeigniter4/framework/system/Database/BaseConnection.php(663): CodeIgniter\Database\Postgre\Connection->execute()
#3 /opt/lampp/htdocs/bsblapi/vendor/codeigniter4/framework/system/Database/BaseConnection.php(591): CodeIgniter\Database\BaseConnection->simpleQuery()
#4 /opt/lampp/htdocs/bsblapi/vendor/codeigniter4/framework/system/Database/Forge.php(442): CodeIgniter\Database\BaseConnection->query()
#5 /opt/lampp/htdocs/bsblapi/app/Database/Migrations/2021-09-18-224710_Nasabah.php(78): CodeIgniter\Database\Forge->createTable()
#6 /opt/lampp/htdocs/bsblapi/vendor/codeigniter4/framework/system/Database/MigrationRunner.php(863): App\Database\Migrations\Nasabah->up()
#7 /opt/lampp/htdocs/bsblapi/vendor/codeigniter4/framework/system/Database/MigrationRunner.php(186): CodeIgniter\Database\MigrationRunner->migrate()
#8 /opt/lampp/htdocs/bsblapi/vendor/codeigniter4/framework/system/Commands/Database/Migrate.php(84): CodeIgniter\Database\MigrationRunner->latest()
#9 /opt/lampp/htdocs/bsblapi/vendor/codeigniter4/framework/system/CLI/Commands.php(63): CodeIgniter\Commands\Database\Migrate->run()
#10 /opt/lampp/htdocs/bsblapi/vendor/codeigniter4/framework/system/CLI/CommandRunner.php(70): CodeIgniter\CLI\Commands->run()
#11 /opt/lampp/htdocs/bsblapi/vendor/codeigniter4/framework/system/CLI/CommandRunner.php(56): CodeIgniter\CLI\CommandRunner->index()
#12 /opt/lampp/htdocs/bsblapi/vendor/codeigniter4/framework/system/CodeIgniter.php(800): CodeIgniter\CLI\CommandRunner->_remap()
#13 /opt/lampp/htdocs/bsblapi/vendor/codeigniter4/framework/system/CodeIgniter.php(399): CodeIgniter\CodeIgniter->runController()
#14 /opt/lampp/htdocs/bsblapi/vendor/codeigniter4/framework/system/CodeIgniter.php(317): CodeIgniter\CodeIgniter->handleRequest()
#15 /opt/lampp/htdocs/bsblapi/vendor/codeigniter4/framework/system/CLI/Console.php(48): CodeIgniter\CodeIgniter->run()
#16 /opt/lampp/htdocs/bsblapi/spark(63): CodeIgniter\CLI\Console->run()
#17 {main}
ERROR - 2021-09-18 21:52:32 --> Error connecting to the database: Call to undefined function CodeIgniter\Database\MySQLi\mysqli_init()
ERROR - 2021-09-18 21:55:14 --> Error connecting to the database: Call to undefined function CodeIgniter\Database\MySQLi\mysqli_init()
ERROR - 2021-09-18 21:56:04 --> Error connecting to the database: Call to undefined function CodeIgniter\Database\MySQLi\mysqli_init()
ERROR - 2021-09-18 21:57:28 --> Error connecting to the database: Call to undefined function CodeIgniter\Database\MySQLi\mysqli_init()
ERROR - 2021-09-18 21:59:04 --> Error connecting to the database: No such file or directory
ERROR - 2021-09-18 21:59:41 --> Error connecting to the database: No such file or directory
ERROR - 2021-09-18 22:00:29 --> Error connecting to the database: No such file or directory
ERROR - 2021-09-18 22:30:12 --> Too big precision 255 specified for 'created_at'. Maximum is 6
ERROR - 2021-09-18 22:30:32 --> Invalid default value for 'created_at'
ERROR - 2021-09-18 22:35:30 --> Invalid default value for 'created_at'
ERROR - 2021-09-18 22:36:53 --> Invalid default value for 'created_at'
ERROR - 2021-09-18 22:37:06 --> Invalid default value for 'created_at'
ERROR - 2021-09-18 23:07:03 --> Invalid default value for 'created_at'
ERROR - 2021-09-18 23:07:18 --> Invalid default value for 'created_at'
ERROR - 2021-09-18 23:11:05 --> Table 'nasabah' already exists
