CRITICAL - 2021-10-19 02:15:33 --> Undefined index: dompet_asal
#0 /opt/lampp/htdocs/bsbl/app/Controllers/Transaksi.php(287): CodeIgniter\Debug\Exceptions->errorHandler(8, 'Undefined index...', '/opt/lampp/htdo...', 287, Array)
#1 /opt/lampp/htdocs/bsbl/vendor/codeigniter4/framework/system/CodeIgniter.php(802): App\Controllers\Transaksi->pindahSaldo()
#2 /opt/lampp/htdocs/bsbl/vendor/codeigniter4/framework/system/CodeIgniter.php(399): CodeIgniter\CodeIgniter->runController(Object(App\Controllers\Transaksi))
#3 /opt/lampp/htdocs/bsbl/vendor/codeigniter4/framework/system/CodeIgniter.php(317): CodeIgniter\CodeIgniter->handleRequest(NULL, Object(Config\Cache), false)
#4 /opt/lampp/htdocs/bsbl/index.php(37): CodeIgniter\CodeIgniter->run()
#5 {main}
ERROR - 2021-10-19 04:11:24 --> ErrorException: pg_query(): Query failed: ERROR:  subquery must return only one column
LINE 1: ...ampah.id_transaksi = transaksi.id) AS total_setor,(SELECT ju...
                                                             ^ in /opt/lampp/htdocs/bsbl/vendor/codeigniter4/framework/system/Database/Postgre/Connection.php:136
Stack trace:
#0 [internal function]: CodeIgniter\Debug\Exceptions->errorHandler(2, 'pg_query(): Que...', '/opt/lampp/htdo...', 136, Array)
#1 /opt/lampp/htdocs/bsbl/vendor/codeigniter4/framework/system/Database/Postgre/Connection.php(136): pg_query(Resource id #131, 'SELECT transaks...')
#2 /opt/lampp/htdocs/bsbl/vendor/codeigniter4/framework/system/Database/BaseConnection.php(663): CodeIgniter\Database\Postgre\Connection->execute('SELECT transaks...')
#3 /opt/lampp/htdocs/bsbl/vendor/codeigniter4/framework/system/Database/BaseConnection.php(591): CodeIgniter\Database\BaseConnection->simpleQuery('SELECT transaks...')
#4 /opt/lampp/htdocs/bsbl/app/Models/TransaksiModel.php(200): CodeIgniter\Database\BaseConnection->query('SELECT transaks...')
#5 /opt/lampp/htdocs/bsbl/app/Controllers/Transaksi.php(39): App\Models\TransaksiModel->getData(Array, false, '1541422111')
#6 /opt/lampp/htdocs/bsbl/vendor/codeigniter4/framework/system/CodeIgniter.php(802): App\Controllers\Transaksi->getData()
#7 /opt/lampp/htdocs/bsbl/vendor/codeigniter4/framework/system/CodeIgniter.php(399): CodeIgniter\CodeIgniter->runController(Object(App\Controllers\Transaksi))
#8 /opt/lampp/htdocs/bsbl/vendor/codeigniter4/framework/system/CodeIgniter.php(317): CodeIgniter\CodeIgniter->handleRequest(NULL, Object(Config\Cache), false)
#9 /opt/lampp/htdocs/bsbl/index.php(37): CodeIgniter\CodeIgniter->run()
#10 {main}
ERROR - 2021-10-19 04:12:47 --> ErrorException: pg_query(): Query failed: ERROR:  subquery must return only one column
LINE 1: ...o WHERE pindah_saldo.id_transaksi = transaksi.id),(SELECT ju...
                                                             ^ in /opt/lampp/htdocs/bsbl/vendor/codeigniter4/framework/system/Database/Postgre/Connection.php:136
Stack trace:
#0 [internal function]: CodeIgniter\Debug\Exceptions->errorHandler(2, 'pg_query(): Que...', '/opt/lampp/htdo...', 136, Array)
#1 /opt/lampp/htdocs/bsbl/vendor/codeigniter4/framework/system/Database/Postgre/Connection.php(136): pg_query(Resource id #131, 'SELECT transaks...')
#2 /opt/lampp/htdocs/bsbl/vendor/codeigniter4/framework/system/Database/BaseConnection.php(663): CodeIgniter\Database\Postgre\Connection->execute('SELECT transaks...')
#3 /opt/lampp/htdocs/bsbl/vendor/codeigniter4/framework/system/Database/BaseConnection.php(591): CodeIgniter\Database\BaseConnection->simpleQuery('SELECT transaks...')
#4 /opt/lampp/htdocs/bsbl/app/Models/TransaksiModel.php(200): CodeIgniter\Database\BaseConnection->query('SELECT transaks...')
#5 /opt/lampp/htdocs/bsbl/app/Controllers/Transaksi.php(39): App\Models\TransaksiModel->getData(Array, false, '1541422111')
#6 /opt/lampp/htdocs/bsbl/vendor/codeigniter4/framework/system/CodeIgniter.php(802): App\Controllers\Transaksi->getData()
#7 /opt/lampp/htdocs/bsbl/vendor/codeigniter4/framework/system/CodeIgniter.php(399): CodeIgniter\CodeIgniter->runController(Object(App\Controllers\Transaksi))
#8 /opt/lampp/htdocs/bsbl/vendor/codeigniter4/framework/system/CodeIgniter.php(317): CodeIgniter\CodeIgniter->handleRequest(NULL, Object(Config\Cache), false)
#9 /opt/lampp/htdocs/bsbl/index.php(37): CodeIgniter\CodeIgniter->run()
#10 {main}
