ERROR - 2021-10-07 04:47:28 --> ErrorException: pg_query(): Query failed: ERROR:  missing FROM-clause entry for table &quot;setor_sampah&quot;
LINE 1: ...S total_tarik,transaksi.date FROM transaksi WHERE setor_samp...
                                                             ^ in /opt/lampp/htdocs/bsblapi/vendor/codeigniter4/framework/system/Database/Postgre/Connection.php:136
Stack trace:
#0 [internal function]: CodeIgniter\Debug\Exceptions->errorHandler(2, 'pg_query(): Que...', '/opt/lampp/htdo...', 136, Array)
#1 /opt/lampp/htdocs/bsblapi/vendor/codeigniter4/framework/system/Database/Postgre/Connection.php(136): pg_query(Resource id #130, 'SELECT transaks...')
#2 /opt/lampp/htdocs/bsblapi/vendor/codeigniter4/framework/system/Database/BaseConnection.php(663): CodeIgniter\Database\Postgre\Connection->execute('SELECT transaks...')
#3 /opt/lampp/htdocs/bsblapi/vendor/codeigniter4/framework/system/Database/BaseConnection.php(591): CodeIgniter\Database\BaseConnection->simpleQuery('SELECT transaks...')
#4 /opt/lampp/htdocs/bsblapi/app/Models/TransaksiModel.php(146): CodeIgniter\Database\BaseConnection->query('SELECT transaks...')
#5 /opt/lampp/htdocs/bsblapi/app/Controllers/Transaksi.php(187): App\Models\TransaksiModel->getData(Array, false, '0606000002')
#6 /opt/lampp/htdocs/bsblapi/vendor/codeigniter4/framework/system/CodeIgniter.php(802): App\Controllers\Transaksi->getData()
#7 /opt/lampp/htdocs/bsblapi/vendor/codeigniter4/framework/system/CodeIgniter.php(399): CodeIgniter\CodeIgniter->runController(Object(App\Controllers\Transaksi))
#8 /opt/lampp/htdocs/bsblapi/vendor/codeigniter4/framework/system/CodeIgniter.php(317): CodeIgniter\CodeIgniter->handleRequest(NULL, Object(Config\Cache), false)
#9 /opt/lampp/htdocs/bsblapi/index.php(37): CodeIgniter\CodeIgniter->run()
#10 {main}
ERROR - 2021-10-07 05:20:44 --> ErrorException: pg_query(): Query failed: ERROR:  syntax error at or near &quot;,&quot;
LINE 1: SELECT transaksi.id,transaksi.id_nasabah,,sampah.jenis,setor...
                                                 ^ in /opt/lampp/htdocs/bsblapi/vendor/codeigniter4/framework/system/Database/Postgre/Connection.php:136
Stack trace:
#0 [internal function]: CodeIgniter\Debug\Exceptions->errorHandler(2, 'pg_query(): Que...', '/opt/lampp/htdo...', 136, Array)
#1 /opt/lampp/htdocs/bsblapi/vendor/codeigniter4/framework/system/Database/Postgre/Connection.php(136): pg_query(Resource id #130, 'SELECT transaks...')
#2 /opt/lampp/htdocs/bsblapi/vendor/codeigniter4/framework/system/Database/BaseConnection.php(663): CodeIgniter\Database\Postgre\Connection->execute('SELECT transaks...')
#3 /opt/lampp/htdocs/bsblapi/vendor/codeigniter4/framework/system/Database/BaseConnection.php(591): CodeIgniter\Database\BaseConnection->simpleQuery('SELECT transaks...')
#4 /opt/lampp/htdocs/bsblapi/app/Models/TransaksiModel.php(164): CodeIgniter\Database\BaseConnection->query('SELECT transaks...')
#5 /opt/lampp/htdocs/bsblapi/app/Controllers/Transaksi.php(202): App\Models\TransaksiModel->getData(Array, false, '0606000002')
#6 /opt/lampp/htdocs/bsblapi/vendor/codeigniter4/framework/system/CodeIgniter.php(802): App\Controllers\Transaksi->getData()
#7 /opt/lampp/htdocs/bsblapi/vendor/codeigniter4/framework/system/CodeIgniter.php(399): CodeIgniter\CodeIgniter->runController(Object(App\Controllers\Transaksi))
#8 /opt/lampp/htdocs/bsblapi/vendor/codeigniter4/framework/system/CodeIgniter.php(317): CodeIgniter\CodeIgniter->handleRequest(NULL, Object(Config\Cache), false)
#9 /opt/lampp/htdocs/bsblapi/index.php(37): CodeIgniter\CodeIgniter->run()
#10 {main}
ERROR - 2021-10-07 05:38:11 --> ErrorException: pg_query(): Query failed: ERROR:  column tarik_saldo.jenis does not exist
LINE 1: ...transaksi.id AS id_transaksi,transaksi.id_nasabah,tarik_sald...
                                                             ^ in /opt/lampp/htdocs/bsblapi/vendor/codeigniter4/framework/system/Database/Postgre/Connection.php:136
Stack trace:
#0 [internal function]: CodeIgniter\Debug\Exceptions->errorHandler(2, 'pg_query(): Que...', '/opt/lampp/htdo...', 136, Array)
#1 /opt/lampp/htdocs/bsblapi/vendor/codeigniter4/framework/system/Database/Postgre/Connection.php(136): pg_query(Resource id #130, 'SELECT transaks...')
#2 /opt/lampp/htdocs/bsblapi/vendor/codeigniter4/framework/system/Database/BaseConnection.php(663): CodeIgniter\Database\Postgre\Connection->execute('SELECT transaks...')
#3 /opt/lampp/htdocs/bsblapi/vendor/codeigniter4/framework/system/Database/BaseConnection.php(591): CodeIgniter\Database\BaseConnection->simpleQuery('SELECT transaks...')
#4 /opt/lampp/htdocs/bsblapi/app/Models/TransaksiModel.php(191): CodeIgniter\Database\BaseConnection->query('SELECT transaks...')
#5 /opt/lampp/htdocs/bsblapi/app/Controllers/Transaksi.php(202): App\Models\TransaksiModel->getData(Array, false, '0606000002')
#6 /opt/lampp/htdocs/bsblapi/vendor/codeigniter4/framework/system/CodeIgniter.php(802): App\Controllers\Transaksi->getData()
#7 /opt/lampp/htdocs/bsblapi/vendor/codeigniter4/framework/system/CodeIgniter.php(399): CodeIgniter\CodeIgniter->runController(Object(App\Controllers\Transaksi))
#8 /opt/lampp/htdocs/bsblapi/vendor/codeigniter4/framework/system/CodeIgniter.php(317): CodeIgniter\CodeIgniter->handleRequest(NULL, Object(Config\Cache), false)
#9 /opt/lampp/htdocs/bsblapi/index.php(37): CodeIgniter\CodeIgniter->run()
#10 {main}
ERROR - 2021-10-07 06:54:39 --> Error connecting to the database: pg_connect(): Unable to connect to PostgreSQL server: could not connect to server: No route to host
	Is the server running on host &quot;ec2-35-171-250-21.compute-1.amazonaws.com&quot; (35.171.250.21) and accepting
	TCP/IP connections on port 5432?
CRITICAL - 2021-10-07 06:54:39 --> Unable to connect to the database.
Main connection [Postgre]: pg_connect(): Unable to connect to PostgreSQL server: could not connect to server: No route to host
	Is the server running on host &quot;ec2-35-171-250-21.compute-1.amazonaws.com&quot; (35.171.250.21) and accepting
	TCP/IP connections on port 5432?
#0 /opt/lampp/htdocs/bsblapi/vendor/codeigniter4/framework/system/Database/BaseConnection.php(570): CodeIgniter\Database\BaseConnection->initialize()
#1 /opt/lampp/htdocs/bsblapi/vendor/codeigniter4/framework/system/Database/BaseBuilder.php(1428): CodeIgniter\Database\BaseConnection->query('SELECT "token"\n...', Array, false)
#2 /opt/lampp/htdocs/bsblapi/app/Controllers/BaseController.php(193): CodeIgniter\Database\BaseBuilder->get()
#3 /opt/lampp/htdocs/bsblapi/app/Controllers/Transaksi.php(180): App\Controllers\BaseController->checkToken('eyJ0eXAiOiJKV1Q...', 'union')
#4 /opt/lampp/htdocs/bsblapi/vendor/codeigniter4/framework/system/CodeIgniter.php(802): App\Controllers\Transaksi->getData()
#5 /opt/lampp/htdocs/bsblapi/vendor/codeigniter4/framework/system/CodeIgniter.php(399): CodeIgniter\CodeIgniter->runController(Object(App\Controllers\Transaksi))
#6 /opt/lampp/htdocs/bsblapi/vendor/codeigniter4/framework/system/CodeIgniter.php(317): CodeIgniter\CodeIgniter->handleRequest(NULL, Object(Config\Cache), false)
#7 /opt/lampp/htdocs/bsblapi/index.php(37): CodeIgniter\CodeIgniter->run()
#8 {main}
ERROR - 2021-10-07 06:55:59 --> Error connecting to the database: pg_connect(): Unable to connect to PostgreSQL server: could not translate host name &quot;ec2-35-171-250-21.compute-1.amazonaws.com&quot; to address: Name or service not known
CRITICAL - 2021-10-07 06:55:59 --> Unable to connect to the database.
Main connection [Postgre]: pg_connect(): Unable to connect to PostgreSQL server: could not translate host name &quot;ec2-35-171-250-21.compute-1.amazonaws.com&quot; to address: Name or service not known
#0 /opt/lampp/htdocs/bsblapi/vendor/codeigniter4/framework/system/Database/BaseConnection.php(570): CodeIgniter\Database\BaseConnection->initialize()
#1 /opt/lampp/htdocs/bsblapi/vendor/codeigniter4/framework/system/Database/BaseBuilder.php(1428): CodeIgniter\Database\BaseConnection->query('SELECT "token"\n...', Array, false)
#2 /opt/lampp/htdocs/bsblapi/app/Controllers/BaseController.php(193): CodeIgniter\Database\BaseBuilder->get()
#3 /opt/lampp/htdocs/bsblapi/app/Controllers/Transaksi.php(180): App\Controllers\BaseController->checkToken('eyJ0eXAiOiJKV1Q...', 'union')
#4 /opt/lampp/htdocs/bsblapi/vendor/codeigniter4/framework/system/CodeIgniter.php(802): App\Controllers\Transaksi->getData()
#5 /opt/lampp/htdocs/bsblapi/vendor/codeigniter4/framework/system/CodeIgniter.php(399): CodeIgniter\CodeIgniter->runController(Object(App\Controllers\Transaksi))
#6 /opt/lampp/htdocs/bsblapi/vendor/codeigniter4/framework/system/CodeIgniter.php(317): CodeIgniter\CodeIgniter->handleRequest(NULL, Object(Config\Cache), false)
#7 /opt/lampp/htdocs/bsblapi/index.php(37): CodeIgniter\CodeIgniter->run()
#8 {main}
ERROR - 2021-10-07 06:56:01 --> Error connecting to the database: pg_connect(): Unable to connect to PostgreSQL server: could not translate host name &quot;ec2-35-171-250-21.compute-1.amazonaws.com&quot; to address: Name or service not known
CRITICAL - 2021-10-07 06:56:01 --> Unable to connect to the database.
Main connection [Postgre]: pg_connect(): Unable to connect to PostgreSQL server: could not translate host name &quot;ec2-35-171-250-21.compute-1.amazonaws.com&quot; to address: Name or service not known
#0 /opt/lampp/htdocs/bsblapi/vendor/codeigniter4/framework/system/Database/BaseConnection.php(570): CodeIgniter\Database\BaseConnection->initialize()
#1 /opt/lampp/htdocs/bsblapi/vendor/codeigniter4/framework/system/Database/BaseBuilder.php(1428): CodeIgniter\Database\BaseConnection->query('SELECT "token"\n...', Array, false)
#2 /opt/lampp/htdocs/bsblapi/app/Controllers/BaseController.php(193): CodeIgniter\Database\BaseBuilder->get()
#3 /opt/lampp/htdocs/bsblapi/app/Controllers/Transaksi.php(180): App\Controllers\BaseController->checkToken('eyJ0eXAiOiJKV1Q...', 'union')
#4 /opt/lampp/htdocs/bsblapi/vendor/codeigniter4/framework/system/CodeIgniter.php(802): App\Controllers\Transaksi->getData()
#5 /opt/lampp/htdocs/bsblapi/vendor/codeigniter4/framework/system/CodeIgniter.php(399): CodeIgniter\CodeIgniter->runController(Object(App\Controllers\Transaksi))
#6 /opt/lampp/htdocs/bsblapi/vendor/codeigniter4/framework/system/CodeIgniter.php(317): CodeIgniter\CodeIgniter->handleRequest(NULL, Object(Config\Cache), false)
#7 /opt/lampp/htdocs/bsblapi/index.php(37): CodeIgniter\CodeIgniter->run()
#8 {main}
ERROR - 2021-10-07 06:58:52 --> Error connecting to the database: pg_connect(): Unable to connect to PostgreSQL server: SSL SYSCALL error: Success
FATAL:  no pg_hba.conf entry for host &quot;180.243.115.167&quot;, user &quot;eaxzuarmydxosq&quot;, database &quot;d3njo8irs6ur6&quot;, SSL off
CRITICAL - 2021-10-07 06:58:52 --> Unable to connect to the database.
Main connection [Postgre]: pg_connect(): Unable to connect to PostgreSQL server: SSL SYSCALL error: Success
FATAL:  no pg_hba.conf entry for host &quot;180.243.115.167&quot;, user &quot;eaxzuarmydxosq&quot;, database &quot;d3njo8irs6ur6&quot;, SSL off
#0 /opt/lampp/htdocs/bsblapi/vendor/codeigniter4/framework/system/Database/BaseConnection.php(570): CodeIgniter\Database\BaseConnection->initialize()
#1 /opt/lampp/htdocs/bsblapi/vendor/codeigniter4/framework/system/Database/BaseBuilder.php(1428): CodeIgniter\Database\BaseConnection->query('SELECT "token"\n...', Array, false)
#2 /opt/lampp/htdocs/bsblapi/app/Controllers/BaseController.php(193): CodeIgniter\Database\BaseBuilder->get()
#3 /opt/lampp/htdocs/bsblapi/app/Controllers/Transaksi.php(180): App\Controllers\BaseController->checkToken('eyJ0eXAiOiJKV1Q...', 'union')
#4 /opt/lampp/htdocs/bsblapi/vendor/codeigniter4/framework/system/CodeIgniter.php(802): App\Controllers\Transaksi->getData()
#5 /opt/lampp/htdocs/bsblapi/vendor/codeigniter4/framework/system/CodeIgniter.php(399): CodeIgniter\CodeIgniter->runController(Object(App\Controllers\Transaksi))
#6 /opt/lampp/htdocs/bsblapi/vendor/codeigniter4/framework/system/CodeIgniter.php(317): CodeIgniter\CodeIgniter->handleRequest(NULL, Object(Config\Cache), false)
#7 /opt/lampp/htdocs/bsblapi/index.php(37): CodeIgniter\CodeIgniter->run()
#8 {main}
ERROR - 2021-10-07 08:57:07 --> ErrorException: pg_query(): Query failed: server closed the connection unexpectedly
	This probably means the server terminated abnormally
	before or while processing the request. in /opt/lampp/htdocs/bsblapi/vendor/codeigniter4/framework/system/Database/Postgre/Connection.php:136
Stack trace:
#0 [internal function]: CodeIgniter\Debug\Exceptions->errorHandler(2, 'pg_query(): Que...', '/opt/lampp/htdo...', 136, Array)
#1 /opt/lampp/htdocs/bsblapi/vendor/codeigniter4/framework/system/Database/Postgre/Connection.php(136): pg_query(Resource id #130, 'SET search_path...')
#2 /opt/lampp/htdocs/bsblapi/vendor/codeigniter4/framework/system/Database/BaseConnection.php(663): CodeIgniter\Database\Postgre\Connection->execute('SET search_path...')
#3 /opt/lampp/htdocs/bsblapi/vendor/codeigniter4/framework/system/Database/Postgre/Connection.php(73): CodeIgniter\Database\BaseConnection->simpleQuery('SET search_path...')
#4 /opt/lampp/htdocs/bsblapi/vendor/codeigniter4/framework/system/Database/BaseConnection.php(364): CodeIgniter\Database\Postgre\Connection->connect(false)
#5 /opt/lampp/htdocs/bsblapi/vendor/codeigniter4/framework/system/Database/BaseConnection.php(570): CodeIgniter\Database\BaseConnection->initialize()
#6 /opt/lampp/htdocs/bsblapi/vendor/codeigniter4/framework/system/Database/BaseBuilder.php(1428): CodeIgniter\Database\BaseConnection->query('SELECT "token"\n...', Array, false)
#7 /opt/lampp/htdocs/bsblapi/app/Controllers/BaseController.php(193): CodeIgniter\Database\BaseBuilder->get()
#8 /opt/lampp/htdocs/bsblapi/app/Controllers/Transaksi.php(180): App\Controllers\BaseController->checkToken('eyJ0eXAiOiJKV1Q...', 'union')
#9 /opt/lampp/htdocs/bsblapi/vendor/codeigniter4/framework/system/CodeIgniter.php(802): App\Controllers\Transaksi->getData()
#10 /opt/lampp/htdocs/bsblapi/vendor/codeigniter4/framework/system/CodeIgniter.php(399): CodeIgniter\CodeIgniter->runController(Object(App\Controllers\Transaksi))
#11 /opt/lampp/htdocs/bsblapi/vendor/codeigniter4/framework/system/CodeIgniter.php(317): CodeIgniter\CodeIgniter->handleRequest(NULL, Object(Config\Cache), false)
#12 /opt/lampp/htdocs/bsblapi/index.php(37): CodeIgniter\CodeIgniter->run()
#13 {main}
ERROR - 2021-10-07 08:57:07 --> Error connecting to the database: pg_query(): Query failed: server closed the connection unexpectedly
	This probably means the server terminated abnormally
	before or while processing the request.
ERROR - 2021-10-07 08:57:07 --> ErrorException: pg_query(): Cannot set connection to blocking mode in /opt/lampp/htdocs/bsblapi/vendor/codeigniter4/framework/system/Database/Postgre/Connection.php:136
Stack trace:
#0 [internal function]: CodeIgniter\Debug\Exceptions->errorHandler(8, 'pg_query(): Can...', '/opt/lampp/htdo...', 136, Array)
#1 /opt/lampp/htdocs/bsblapi/vendor/codeigniter4/framework/system/Database/Postgre/Connection.php(136): pg_query(Resource id #130, 'SELECT "token"\n...')
#2 /opt/lampp/htdocs/bsblapi/vendor/codeigniter4/framework/system/Database/BaseConnection.php(663): CodeIgniter\Database\Postgre\Connection->execute('SELECT "token"\n...')
#3 /opt/lampp/htdocs/bsblapi/vendor/codeigniter4/framework/system/Database/BaseConnection.php(591): CodeIgniter\Database\BaseConnection->simpleQuery('SELECT "token"\n...')
#4 /opt/lampp/htdocs/bsblapi/vendor/codeigniter4/framework/system/Database/BaseBuilder.php(1428): CodeIgniter\Database\BaseConnection->query('SELECT "token"\n...', Array, false)
#5 /opt/lampp/htdocs/bsblapi/app/Controllers/BaseController.php(193): CodeIgniter\Database\BaseBuilder->get()
#6 /opt/lampp/htdocs/bsblapi/app/Controllers/Transaksi.php(180): App\Controllers\BaseController->checkToken('eyJ0eXAiOiJKV1Q...', 'union')
#7 /opt/lampp/htdocs/bsblapi/vendor/codeigniter4/framework/system/CodeIgniter.php(802): App\Controllers\Transaksi->getData()
#8 /opt/lampp/htdocs/bsblapi/vendor/codeigniter4/framework/system/CodeIgniter.php(399): CodeIgniter\CodeIgniter->runController(Object(App\Controllers\Transaksi))
#9 /opt/lampp/htdocs/bsblapi/vendor/codeigniter4/framework/system/CodeIgniter.php(317): CodeIgniter\CodeIgniter->handleRequest(NULL, Object(Config\Cache), false)
#10 /opt/lampp/htdocs/bsblapi/index.php(37): CodeIgniter\CodeIgniter->run()
#11 {main}
ERROR - 2021-10-07 18:47:56 --> ErrorException: pg_query(): Query failed: ERROR:  table name &quot;dompet_emas&quot; specified more than once in /opt/lampp/htdocs/bsblapi/vendor/codeigniter4/framework/system/Database/Postgre/Connection.php:136
Stack trace:
#0 [internal function]: CodeIgniter\Debug\Exceptions->errorHandler(2, 'pg_query(): Que...', '/opt/lampp/htdo...', 136, Array)
#1 /opt/lampp/htdocs/bsblapi/vendor/codeigniter4/framework/system/Database/Postgre/Connection.php(136): pg_query(Resource id #130, 'SELECT "dompet_...')
#2 /opt/lampp/htdocs/bsblapi/vendor/codeigniter4/framework/system/Database/BaseConnection.php(663): CodeIgniter\Database\Postgre\Connection->execute('SELECT "dompet_...')
#3 /opt/lampp/htdocs/bsblapi/vendor/codeigniter4/framework/system/Database/BaseConnection.php(591): CodeIgniter\Database\BaseConnection->simpleQuery('SELECT "dompet_...')
#4 /opt/lampp/htdocs/bsblapi/vendor/codeigniter4/framework/system/Database/BaseBuilder.php(1428): CodeIgniter\Database\BaseConnection->query('SELECT "dompet_...', Array, false)
#5 /opt/lampp/htdocs/bsblapi/app/Models/NasabahModel.php(211): CodeIgniter\Database\BaseBuilder->get()
#6 /opt/lampp/htdocs/bsblapi/app/Controllers/Nasabah.php(322): App\Models\NasabahModel->getSaldoNasabah('0606000002')
#7 /opt/lampp/htdocs/bsblapi/vendor/codeigniter4/framework/system/CodeIgniter.php(802): App\Controllers\Nasabah->getSaldo()
#8 /opt/lampp/htdocs/bsblapi/vendor/codeigniter4/framework/system/CodeIgniter.php(399): CodeIgniter\CodeIgniter->runController(Object(App\Controllers\Nasabah))
#9 /opt/lampp/htdocs/bsblapi/vendor/codeigniter4/framework/system/CodeIgniter.php(317): CodeIgniter\CodeIgniter->handleRequest(NULL, Object(Config\Cache), false)
#10 /opt/lampp/htdocs/bsblapi/index.php(37): CodeIgniter\CodeIgniter->run()
#11 {main}
CRITICAL - 2021-10-07 21:52:27 --> Cannot use object of type stdClass as array
#0 /opt/lampp/htdocs/bsblapi/vendor/codeigniter4/framework/system/CodeIgniter.php(802): App\Controllers\KodePos->searchKodePos('ciledug')
#1 /opt/lampp/htdocs/bsblapi/vendor/codeigniter4/framework/system/CodeIgniter.php(399): CodeIgniter\CodeIgniter->runController(Object(App\Controllers\KodePos))
#2 /opt/lampp/htdocs/bsblapi/vendor/codeigniter4/framework/system/CodeIgniter.php(317): CodeIgniter\CodeIgniter->handleRequest(NULL, Object(Config\Cache), false)
#3 /opt/lampp/htdocs/bsblapi/index.php(37): CodeIgniter\CodeIgniter->run()
#4 {main}
CRITICAL - 2021-10-07 21:53:05 --> Trying to access array offset on value of type null
#0 /opt/lampp/htdocs/bsblapi/app/Controllers/KodePos.php(20): CodeIgniter\Debug\Exceptions->errorHandler(8, 'Trying to acces...', '/opt/lampp/htdo...', 20, Array)
#1 /opt/lampp/htdocs/bsblapi/vendor/codeigniter4/framework/system/CodeIgniter.php(802): App\Controllers\KodePos->searchKodePos('ciledug')
#2 /opt/lampp/htdocs/bsblapi/vendor/codeigniter4/framework/system/CodeIgniter.php(399): CodeIgniter\CodeIgniter->runController(Object(App\Controllers\KodePos))
#3 /opt/lampp/htdocs/bsblapi/vendor/codeigniter4/framework/system/CodeIgniter.php(317): CodeIgniter\CodeIgniter->handleRequest(NULL, Object(Config\Cache), false)
#4 /opt/lampp/htdocs/bsblapi/index.php(37): CodeIgniter\CodeIgniter->run()
#5 {main}
CRITICAL - 2021-10-07 21:53:05 --> Uncaught CodeIgniter\Format\Exceptions\FormatException: Failed to parse json string, error: "Type is not supported". in /opt/lampp/htdocs/bsblapi/vendor/codeigniter4/framework/system/Format/JSONFormatter.php:41
Stack trace:
#0 /opt/lampp/htdocs/bsblapi/vendor/codeigniter4/framework/system/Format/JSONFormatter.php(41): CodeIgniter\Format\Exceptions\FormatException::forInvalidJSON('Type is not sup...')
#1 /opt/lampp/htdocs/bsblapi/vendor/codeigniter4/framework/system/API/ResponseTrait.php(341): CodeIgniter\Format\JSONFormatter->format(Array)
#2 /opt/lampp/htdocs/bsblapi/vendor/codeigniter4/framework/system/API/ResponseTrait.php(99): CodeIgniter\Debug\Exceptions->format(Array)
#3 /opt/lampp/htdocs/bsblapi/vendor/codeigniter4/framework/system/Debug/Exceptions.php(126): CodeIgniter\Debug\Exceptions->respond(Array, 500)
#4 [internal function]: CodeIgniter\Debug\Exceptions->exceptionHandler(Object(ErrorException))
#5 {main}
  thrown
#0 [internal function]: CodeIgniter\Debug\Exceptions->shutdownHandler()
#1 {main}
CRITICAL - 2021-10-07 21:54:15 --> syntax error, unexpected ']'
#0 /opt/lampp/htdocs/bsblapi/vendor/codeigniter4/framework/system/Autoloader/Autoloader.php(241): CodeIgniter\Autoloader\Autoloader->includeFile('/opt/lampp/htdo...')
#1 /opt/lampp/htdocs/bsblapi/vendor/codeigniter4/framework/system/Autoloader/Autoloader.php(219): CodeIgniter\Autoloader\Autoloader->loadInNamespace('App\\Controllers...')
#2 [internal function]: CodeIgniter\Autoloader\Autoloader->loadClass('App\\Controllers...')
#3 [internal function]: spl_autoload_call('App\\Controllers...')
#4 /opt/lampp/htdocs/bsblapi/vendor/codeigniter4/framework/system/CodeIgniter.php(767): class_exists('\\App\\Controller...', true)
#5 /opt/lampp/htdocs/bsblapi/vendor/codeigniter4/framework/system/CodeIgniter.php(386): CodeIgniter\CodeIgniter->startController()
#6 /opt/lampp/htdocs/bsblapi/vendor/codeigniter4/framework/system/CodeIgniter.php(317): CodeIgniter\CodeIgniter->handleRequest(NULL, Object(Config\Cache), false)
#7 /opt/lampp/htdocs/bsblapi/index.php(37): CodeIgniter\CodeIgniter->run()
#8 {main}
CRITICAL - 2021-10-07 21:55:02 --> Object of class stdClass could not be converted to string
#0 /opt/lampp/htdocs/bsblapi/vendor/codeigniter4/framework/system/CodeIgniter.php(802): App\Controllers\KodePos->searchKodePos('ciledug')
#1 /opt/lampp/htdocs/bsblapi/vendor/codeigniter4/framework/system/CodeIgniter.php(399): CodeIgniter\CodeIgniter->runController(Object(App\Controllers\KodePos))
#2 /opt/lampp/htdocs/bsblapi/vendor/codeigniter4/framework/system/CodeIgniter.php(317): CodeIgniter\CodeIgniter->handleRequest(NULL, Object(Config\Cache), false)
#3 /opt/lampp/htdocs/bsblapi/index.php(37): CodeIgniter\CodeIgniter->run()
#4 {main}
