CRITICAL - 2021-10-16 08:11:16 --> file_get_contents(): Read of 8192 bytes failed with errno=13 Permission denied
#0 [internal function]: CodeIgniter\Debug\Exceptions->errorHandler(8, 'file_get_conten...', 'C:\\xampp\\htdocs...', 80)
#1 C:\xampp\htdocs\bsbl\vendor\codeigniter4\framework\system\Debug\Toolbar\Collectors\History.php(80): file_get_contents('C:\\xampp\\htdocs...')
#2 C:\xampp\htdocs\bsbl\vendor\codeigniter4\framework\system\Debug\Toolbar.php(399): CodeIgniter\Debug\Toolbar\Collectors\History->setFiles(1634389875, 20)
#3 C:\xampp\htdocs\bsbl\vendor\codeigniter4\framework\system\Debug\Toolbar.php(375): CodeIgniter\Debug\Toolbar->format(Array, 'html')
#4 C:\xampp\htdocs\bsbl\app\Config\Events.php(48): CodeIgniter\Debug\Toolbar->respond()
#5 C:\xampp\htdocs\bsbl\vendor\codeigniter4\framework\system\Events\Events.php(149): CodeIgniter\Events\Events::Config\{closure}()
#6 C:\xampp\htdocs\bsbl\vendor\codeigniter4\framework\system\CodeIgniter.php(299): CodeIgniter\Events\Events::trigger('pre_system')
#7 C:\xampp\htdocs\bsbl\index.php(37): CodeIgniter\CodeIgniter->run()
#8 {main}
CRITICAL - 2021-10-16 08:16:27 --> Undefined variable $totalTime
#0 C:\xampp\htdocs\bsbl\vendor\codeigniter4\framework\system\Debug\Toolbar\Views\toolbar.tpl.php(40): CodeIgniter\Debug\Exceptions->errorHandler(2, 'Undefined varia...', 'C:\\xampp\\htdocs...', 40)
#1 C:\xampp\htdocs\bsbl\vendor\codeigniter4\framework\system\Debug\Toolbar.php(413): include('C:\\xampp\\htdocs...')
#2 C:\xampp\htdocs\bsbl\vendor\codeigniter4\framework\system\Debug\Toolbar.php(375): CodeIgniter\Debug\Toolbar->format(Array, 'html')
#3 C:\xampp\htdocs\bsbl\app\Config\Events.php(48): CodeIgniter\Debug\Toolbar->respond()
#4 C:\xampp\htdocs\bsbl\vendor\codeigniter4\framework\system\Events\Events.php(149): CodeIgniter\Events\Events::Config\{closure}()
#5 C:\xampp\htdocs\bsbl\vendor\codeigniter4\framework\system\CodeIgniter.php(299): CodeIgniter\Events\Events::trigger('pre_system')
#6 C:\xampp\htdocs\bsbl\index.php(37): CodeIgniter\CodeIgniter->run()
#7 {main}
CRITICAL - 2021-10-16 08:16:46 --> file_get_contents(): Read of 8192 bytes failed with errno=13 Permission denied
#0 [internal function]: CodeIgniter\Debug\Exceptions->errorHandler(8, 'file_get_conten...', 'C:\\xampp\\htdocs...', 375)
#1 C:\xampp\htdocs\bsbl\vendor\codeigniter4\framework\system\Debug\Toolbar.php(375): file_get_contents('C:\\xampp\\htdocs...')
#2 C:\xampp\htdocs\bsbl\app\Config\Events.php(48): CodeIgniter\Debug\Toolbar->respond()
#3 C:\xampp\htdocs\bsbl\vendor\codeigniter4\framework\system\Events\Events.php(149): CodeIgniter\Events\Events::Config\{closure}()
#4 C:\xampp\htdocs\bsbl\vendor\codeigniter4\framework\system\CodeIgniter.php(299): CodeIgniter\Events\Events::trigger('pre_system')
#5 C:\xampp\htdocs\bsbl\index.php(37): CodeIgniter\CodeIgniter->run()
#6 {main}
CRITICAL - 2021-10-16 08:18:32 --> Undefined variable $totalTime
#0 C:\xampp\htdocs\bsbl\vendor\codeigniter4\framework\system\Debug\Toolbar\Views\toolbar.tpl.php(40): CodeIgniter\Debug\Exceptions->errorHandler(2, 'Undefined varia...', 'C:\\xampp\\htdocs...', 40)
#1 C:\xampp\htdocs\bsbl\vendor\codeigniter4\framework\system\Debug\Toolbar.php(413): include('C:\\xampp\\htdocs...')
#2 C:\xampp\htdocs\bsbl\vendor\codeigniter4\framework\system\Debug\Toolbar.php(375): CodeIgniter\Debug\Toolbar->format(Array, 'html')
#3 C:\xampp\htdocs\bsbl\app\Config\Events.php(48): CodeIgniter\Debug\Toolbar->respond()
#4 C:\xampp\htdocs\bsbl\vendor\codeigniter4\framework\system\Events\Events.php(149): CodeIgniter\Events\Events::Config\{closure}()
#5 C:\xampp\htdocs\bsbl\vendor\codeigniter4\framework\system\CodeIgniter.php(299): CodeIgniter\Events\Events::trigger('pre_system')
#6 C:\xampp\htdocs\bsbl\index.php(37): CodeIgniter\CodeIgniter->run()
#7 {main}
CRITICAL - 2021-10-16 08:18:36 --> Undefined variable $totalTime
#0 C:\xampp\htdocs\bsbl\vendor\codeigniter4\framework\system\Debug\Toolbar\Views\toolbar.tpl.php(40): CodeIgniter\Debug\Exceptions->errorHandler(2, 'Undefined varia...', 'C:\\xampp\\htdocs...', 40)
#1 C:\xampp\htdocs\bsbl\vendor\codeigniter4\framework\system\Debug\Toolbar.php(413): include('C:\\xampp\\htdocs...')
#2 C:\xampp\htdocs\bsbl\vendor\codeigniter4\framework\system\Debug\Toolbar.php(375): CodeIgniter\Debug\Toolbar->format(Array, 'html')
#3 C:\xampp\htdocs\bsbl\app\Config\Events.php(48): CodeIgniter\Debug\Toolbar->respond()
#4 C:\xampp\htdocs\bsbl\vendor\codeigniter4\framework\system\Events\Events.php(149): CodeIgniter\Events\Events::Config\{closure}()
#5 C:\xampp\htdocs\bsbl\vendor\codeigniter4\framework\system\CodeIgniter.php(299): CodeIgniter\Events\Events::trigger('pre_system')
#6 C:\xampp\htdocs\bsbl\index.php(37): CodeIgniter\CodeIgniter->run()
#7 {main}
CRITICAL - 2021-10-16 08:19:01 --> Undefined variable $totalTime
#0 C:\xampp\htdocs\bsbl\vendor\codeigniter4\framework\system\Debug\Toolbar\Views\toolbar.tpl.php(40): CodeIgniter\Debug\Exceptions->errorHandler(2, 'Undefined varia...', 'C:\\xampp\\htdocs...', 40)
#1 C:\xampp\htdocs\bsbl\vendor\codeigniter4\framework\system\Debug\Toolbar.php(413): include('C:\\xampp\\htdocs...')
#2 C:\xampp\htdocs\bsbl\vendor\codeigniter4\framework\system\Debug\Toolbar.php(375): CodeIgniter\Debug\Toolbar->format(Array, 'html')
#3 C:\xampp\htdocs\bsbl\app\Config\Events.php(48): CodeIgniter\Debug\Toolbar->respond()
#4 C:\xampp\htdocs\bsbl\vendor\codeigniter4\framework\system\Events\Events.php(149): CodeIgniter\Events\Events::Config\{closure}()
#5 C:\xampp\htdocs\bsbl\vendor\codeigniter4\framework\system\CodeIgniter.php(299): CodeIgniter\Events\Events::trigger('pre_system')
#6 C:\xampp\htdocs\bsbl\index.php(37): CodeIgniter\CodeIgniter->run()
#7 {main}
CRITICAL - 2021-10-16 08:19:38 --> Undefined variable $totalTime
#0 C:\xampp\htdocs\bsbl\vendor\codeigniter4\framework\system\Debug\Toolbar\Views\toolbar.tpl.php(40): CodeIgniter\Debug\Exceptions->errorHandler(2, 'Undefined varia...', 'C:\\xampp\\htdocs...', 40)
#1 C:\xampp\htdocs\bsbl\vendor\codeigniter4\framework\system\Debug\Toolbar.php(413): include('C:\\xampp\\htdocs...')
#2 C:\xampp\htdocs\bsbl\vendor\codeigniter4\framework\system\Debug\Toolbar.php(375): CodeIgniter\Debug\Toolbar->format(Array, 'html')
#3 C:\xampp\htdocs\bsbl\app\Config\Events.php(48): CodeIgniter\Debug\Toolbar->respond()
#4 C:\xampp\htdocs\bsbl\vendor\codeigniter4\framework\system\Events\Events.php(149): CodeIgniter\Events\Events::Config\{closure}()
#5 C:\xampp\htdocs\bsbl\vendor\codeigniter4\framework\system\CodeIgniter.php(299): CodeIgniter\Events\Events::trigger('pre_system')
#6 C:\xampp\htdocs\bsbl\index.php(37): CodeIgniter\CodeIgniter->run()
#7 {main}
CRITICAL - 2021-10-16 08:19:51 --> Undefined variable $totalTime
#0 C:\xampp\htdocs\bsbl\vendor\codeigniter4\framework\system\Debug\Toolbar\Views\toolbar.tpl.php(40): CodeIgniter\Debug\Exceptions->errorHandler(2, 'Undefined varia...', 'C:\\xampp\\htdocs...', 40)
#1 C:\xampp\htdocs\bsbl\vendor\codeigniter4\framework\system\Debug\Toolbar.php(413): include('C:\\xampp\\htdocs...')
#2 C:\xampp\htdocs\bsbl\vendor\codeigniter4\framework\system\Debug\Toolbar.php(375): CodeIgniter\Debug\Toolbar->format(Array, 'html')
#3 C:\xampp\htdocs\bsbl\app\Config\Events.php(48): CodeIgniter\Debug\Toolbar->respond()
#4 C:\xampp\htdocs\bsbl\vendor\codeigniter4\framework\system\Events\Events.php(149): CodeIgniter\Events\Events::Config\{closure}()
#5 C:\xampp\htdocs\bsbl\vendor\codeigniter4\framework\system\CodeIgniter.php(299): CodeIgniter\Events\Events::trigger('pre_system')
#6 C:\xampp\htdocs\bsbl\index.php(37): CodeIgniter\CodeIgniter->run()
#7 {main}
CRITICAL - 2021-10-16 08:21:03 --> file_get_contents(): Read of 8192 bytes failed with errno=13 Permission denied
#0 [internal function]: CodeIgniter\Debug\Exceptions->errorHandler(8, 'file_get_conten...', 'C:\\xampp\\htdocs...', 375)
#1 C:\xampp\htdocs\bsbl\vendor\codeigniter4\framework\system\Debug\Toolbar.php(375): file_get_contents('C:\\xampp\\htdocs...')
#2 C:\xampp\htdocs\bsbl\app\Config\Events.php(48): CodeIgniter\Debug\Toolbar->respond()
#3 C:\xampp\htdocs\bsbl\vendor\codeigniter4\framework\system\Events\Events.php(149): CodeIgniter\Events\Events::Config\{closure}()
#4 C:\xampp\htdocs\bsbl\vendor\codeigniter4\framework\system\CodeIgniter.php(299): CodeIgniter\Events\Events::trigger('pre_system')
#5 C:\xampp\htdocs\bsbl\index.php(37): CodeIgniter\CodeIgniter->run()
#6 {main}
CRITICAL - 2021-10-16 08:29:44 --> file_get_contents(): Read of 8192 bytes failed with errno=13 Permission denied
#0 [internal function]: CodeIgniter\Debug\Exceptions->errorHandler(8, 'file_get_conten...', 'C:\\xampp\\htdocs...', 80)
#1 C:\xampp\htdocs\bsbl\vendor\codeigniter4\framework\system\Debug\Toolbar\Collectors\History.php(80): file_get_contents('C:\\xampp\\htdocs...')
#2 C:\xampp\htdocs\bsbl\vendor\codeigniter4\framework\system\Debug\Toolbar.php(399): CodeIgniter\Debug\Toolbar\Collectors\History->setFiles(1634390984, 20)
#3 C:\xampp\htdocs\bsbl\vendor\codeigniter4\framework\system\Debug\Toolbar.php(375): CodeIgniter\Debug\Toolbar->format(NULL, 'html')
#4 C:\xampp\htdocs\bsbl\app\Config\Events.php(48): CodeIgniter\Debug\Toolbar->respond()
#5 C:\xampp\htdocs\bsbl\vendor\codeigniter4\framework\system\Events\Events.php(149): CodeIgniter\Events\Events::Config\{closure}()
#6 C:\xampp\htdocs\bsbl\vendor\codeigniter4\framework\system\CodeIgniter.php(299): CodeIgniter\Events\Events::trigger('pre_system')
#7 C:\xampp\htdocs\bsbl\index.php(37): CodeIgniter\CodeIgniter->run()
#8 {main}
CRITICAL - 2021-10-16 08:34:39 --> Undefined variable $totalTime
#0 C:\xampp\htdocs\bsbl\vendor\codeigniter4\framework\system\Debug\Toolbar\Views\toolbar.tpl.php(40): CodeIgniter\Debug\Exceptions->errorHandler(2, 'Undefined varia...', 'C:\\xampp\\htdocs...', 40)
#1 C:\xampp\htdocs\bsbl\vendor\codeigniter4\framework\system\Debug\Toolbar.php(413): include('C:\\xampp\\htdocs...')
#2 C:\xampp\htdocs\bsbl\vendor\codeigniter4\framework\system\Debug\Toolbar.php(375): CodeIgniter\Debug\Toolbar->format(Array, 'html')
#3 C:\xampp\htdocs\bsbl\app\Config\Events.php(48): CodeIgniter\Debug\Toolbar->respond()
#4 C:\xampp\htdocs\bsbl\vendor\codeigniter4\framework\system\Events\Events.php(149): CodeIgniter\Events\Events::Config\{closure}()
#5 C:\xampp\htdocs\bsbl\vendor\codeigniter4\framework\system\CodeIgniter.php(299): CodeIgniter\Events\Events::trigger('pre_system')
#6 C:\xampp\htdocs\bsbl\index.php(37): CodeIgniter\CodeIgniter->run()
#7 {main}
CRITICAL - 2021-10-16 08:39:00 --> Undefined variable $totalTime
#0 C:\xampp\htdocs\bsbl\vendor\codeigniter4\framework\system\Debug\Toolbar\Views\toolbar.tpl.php(40): CodeIgniter\Debug\Exceptions->errorHandler(2, 'Undefined varia...', 'C:\\xampp\\htdocs...', 40)
#1 C:\xampp\htdocs\bsbl\vendor\codeigniter4\framework\system\Debug\Toolbar.php(413): include('C:\\xampp\\htdocs...')
#2 C:\xampp\htdocs\bsbl\vendor\codeigniter4\framework\system\Debug\Toolbar.php(375): CodeIgniter\Debug\Toolbar->format(Array, 'html')
#3 C:\xampp\htdocs\bsbl\app\Config\Events.php(48): CodeIgniter\Debug\Toolbar->respond()
#4 C:\xampp\htdocs\bsbl\vendor\codeigniter4\framework\system\Events\Events.php(149): CodeIgniter\Events\Events::Config\{closure}()
#5 C:\xampp\htdocs\bsbl\vendor\codeigniter4\framework\system\CodeIgniter.php(299): CodeIgniter\Events\Events::trigger('pre_system')
#6 C:\xampp\htdocs\bsbl\index.php(37): CodeIgniter\CodeIgniter->run()
#7 {main}
CRITICAL - 2021-10-16 08:57:44 --> Undefined variable $totalTime
#0 C:\xampp\htdocs\bsbl\vendor\codeigniter4\framework\system\Debug\Toolbar\Views\toolbar.tpl.php(40): CodeIgniter\Debug\Exceptions->errorHandler(2, 'Undefined varia...', 'C:\\xampp\\htdocs...', 40)
#1 C:\xampp\htdocs\bsbl\vendor\codeigniter4\framework\system\Debug\Toolbar.php(413): include('C:\\xampp\\htdocs...')
#2 C:\xampp\htdocs\bsbl\vendor\codeigniter4\framework\system\Debug\Toolbar.php(375): CodeIgniter\Debug\Toolbar->format(Array, 'html')
#3 C:\xampp\htdocs\bsbl\app\Config\Events.php(48): CodeIgniter\Debug\Toolbar->respond()
#4 C:\xampp\htdocs\bsbl\vendor\codeigniter4\framework\system\Events\Events.php(149): CodeIgniter\Events\Events::Config\{closure}()
#5 C:\xampp\htdocs\bsbl\vendor\codeigniter4\framework\system\CodeIgniter.php(299): CodeIgniter\Events\Events::trigger('pre_system')
#6 C:\xampp\htdocs\bsbl\index.php(37): CodeIgniter\CodeIgniter->run()
#7 {main}
CRITICAL - 2021-10-16 08:57:48 --> Undefined variable $totalTime
#0 C:\xampp\htdocs\bsbl\vendor\codeigniter4\framework\system\Debug\Toolbar\Views\toolbar.tpl.php(40): CodeIgniter\Debug\Exceptions->errorHandler(2, 'Undefined varia...', 'C:\\xampp\\htdocs...', 40)
#1 C:\xampp\htdocs\bsbl\vendor\codeigniter4\framework\system\Debug\Toolbar.php(413): include('C:\\xampp\\htdocs...')
#2 C:\xampp\htdocs\bsbl\vendor\codeigniter4\framework\system\Debug\Toolbar.php(375): CodeIgniter\Debug\Toolbar->format(Array, 'html')
#3 C:\xampp\htdocs\bsbl\app\Config\Events.php(48): CodeIgniter\Debug\Toolbar->respond()
#4 C:\xampp\htdocs\bsbl\vendor\codeigniter4\framework\system\Events\Events.php(149): CodeIgniter\Events\Events::Config\{closure}()
#5 C:\xampp\htdocs\bsbl\vendor\codeigniter4\framework\system\CodeIgniter.php(299): CodeIgniter\Events\Events::trigger('pre_system')
#6 C:\xampp\htdocs\bsbl\index.php(37): CodeIgniter\CodeIgniter->run()
#7 {main}
CRITICAL - 2021-10-16 08:59:38 --> file_get_contents(): Read of 8192 bytes failed with errno=13 Permission denied
#0 [internal function]: CodeIgniter\Debug\Exceptions->errorHandler(8, 'file_get_conten...', 'C:\\xampp\\htdocs...', 375)
#1 C:\xampp\htdocs\bsbl\vendor\codeigniter4\framework\system\Debug\Toolbar.php(375): file_get_contents('C:\\xampp\\htdocs...')
#2 C:\xampp\htdocs\bsbl\app\Config\Events.php(48): CodeIgniter\Debug\Toolbar->respond()
#3 C:\xampp\htdocs\bsbl\vendor\codeigniter4\framework\system\Events\Events.php(149): CodeIgniter\Events\Events::Config\{closure}()
#4 C:\xampp\htdocs\bsbl\vendor\codeigniter4\framework\system\CodeIgniter.php(299): CodeIgniter\Events\Events::trigger('pre_system')
#5 C:\xampp\htdocs\bsbl\index.php(37): CodeIgniter\CodeIgniter->run()
#6 {main}
CRITICAL - 2021-10-16 09:01:09 --> Undefined variable $totalTime
#0 C:\xampp\htdocs\bsbl\vendor\codeigniter4\framework\system\Debug\Toolbar\Views\toolbar.tpl.php(40): CodeIgniter\Debug\Exceptions->errorHandler(2, 'Undefined varia...', 'C:\\xampp\\htdocs...', 40)
#1 C:\xampp\htdocs\bsbl\vendor\codeigniter4\framework\system\Debug\Toolbar.php(413): include('C:\\xampp\\htdocs...')
#2 C:\xampp\htdocs\bsbl\vendor\codeigniter4\framework\system\Debug\Toolbar.php(375): CodeIgniter\Debug\Toolbar->format(Array, 'html')
#3 C:\xampp\htdocs\bsbl\app\Config\Events.php(48): CodeIgniter\Debug\Toolbar->respond()
#4 C:\xampp\htdocs\bsbl\vendor\codeigniter4\framework\system\Events\Events.php(149): CodeIgniter\Events\Events::Config\{closure}()
#5 C:\xampp\htdocs\bsbl\vendor\codeigniter4\framework\system\CodeIgniter.php(299): CodeIgniter\Events\Events::trigger('pre_system')
#6 C:\xampp\htdocs\bsbl\index.php(37): CodeIgniter\CodeIgniter->run()
#7 {main}
CRITICAL - 2021-10-16 09:02:35 --> Undefined variable $totalTime
#0 C:\xampp\htdocs\bsbl\vendor\codeigniter4\framework\system\Debug\Toolbar\Views\toolbar.tpl.php(40): CodeIgniter\Debug\Exceptions->errorHandler(2, 'Undefined varia...', 'C:\\xampp\\htdocs...', 40)
#1 C:\xampp\htdocs\bsbl\vendor\codeigniter4\framework\system\Debug\Toolbar.php(413): include('C:\\xampp\\htdocs...')
#2 C:\xampp\htdocs\bsbl\vendor\codeigniter4\framework\system\Debug\Toolbar.php(375): CodeIgniter\Debug\Toolbar->format(Array, 'html')
#3 C:\xampp\htdocs\bsbl\app\Config\Events.php(48): CodeIgniter\Debug\Toolbar->respond()
#4 C:\xampp\htdocs\bsbl\vendor\codeigniter4\framework\system\Events\Events.php(149): CodeIgniter\Events\Events::Config\{closure}()
#5 C:\xampp\htdocs\bsbl\vendor\codeigniter4\framework\system\CodeIgniter.php(299): CodeIgniter\Events\Events::trigger('pre_system')
#6 C:\xampp\htdocs\bsbl\index.php(37): CodeIgniter\CodeIgniter->run()
#7 {main}
CRITICAL - 2021-10-16 09:02:56 --> Undefined variable $totalTime
#0 C:\xampp\htdocs\bsbl\vendor\codeigniter4\framework\system\Debug\Toolbar\Views\toolbar.tpl.php(40): CodeIgniter\Debug\Exceptions->errorHandler(2, 'Undefined varia...', 'C:\\xampp\\htdocs...', 40)
#1 C:\xampp\htdocs\bsbl\vendor\codeigniter4\framework\system\Debug\Toolbar.php(413): include('C:\\xampp\\htdocs...')
#2 C:\xampp\htdocs\bsbl\vendor\codeigniter4\framework\system\Debug\Toolbar.php(375): CodeIgniter\Debug\Toolbar->format(Array, 'html')
#3 C:\xampp\htdocs\bsbl\app\Config\Events.php(48): CodeIgniter\Debug\Toolbar->respond()
#4 C:\xampp\htdocs\bsbl\vendor\codeigniter4\framework\system\Events\Events.php(149): CodeIgniter\Events\Events::Config\{closure}()
#5 C:\xampp\htdocs\bsbl\vendor\codeigniter4\framework\system\CodeIgniter.php(299): CodeIgniter\Events\Events::trigger('pre_system')
#6 C:\xampp\htdocs\bsbl\index.php(37): CodeIgniter\CodeIgniter->run()
#7 {main}
CRITICAL - 2021-10-16 09:05:40 --> Undefined variable $totalTime
#0 C:\xampp\htdocs\bsbl\vendor\codeigniter4\framework\system\Debug\Toolbar\Views\toolbar.tpl.php(40): CodeIgniter\Debug\Exceptions->errorHandler(2, 'Undefined varia...', 'C:\\xampp\\htdocs...', 40)
#1 C:\xampp\htdocs\bsbl\vendor\codeigniter4\framework\system\Debug\Toolbar.php(413): include('C:\\xampp\\htdocs...')
#2 C:\xampp\htdocs\bsbl\vendor\codeigniter4\framework\system\Debug\Toolbar.php(375): CodeIgniter\Debug\Toolbar->format(Array, 'html')
#3 C:\xampp\htdocs\bsbl\app\Config\Events.php(48): CodeIgniter\Debug\Toolbar->respond()
#4 C:\xampp\htdocs\bsbl\vendor\codeigniter4\framework\system\Events\Events.php(149): CodeIgniter\Events\Events::Config\{closure}()
#5 C:\xampp\htdocs\bsbl\vendor\codeigniter4\framework\system\CodeIgniter.php(299): CodeIgniter\Events\Events::trigger('pre_system')
#6 C:\xampp\htdocs\bsbl\index.php(37): CodeIgniter\CodeIgniter->run()
#7 {main}
CRITICAL - 2021-10-16 21:07:09 --> Maximum execution time of 120 seconds exceeded
#0 [internal function]: CodeIgniter\Debug\Exceptions->shutdownHandler()
#1 {main}
CRITICAL - 2021-10-16 21:11:56 --> Maximum execution time of 120 seconds exceeded
#0 [internal function]: CodeIgniter\Debug\Exceptions->shutdownHandler()
#1 {main}
CRITICAL - 2021-10-16 21:16:01 --> Undefined variable: totalTime
#0 C:\xampp\htdocs\bsbl\vendor\codeigniter4\framework\system\Debug\Toolbar\Views\toolbar.tpl.php(40): CodeIgniter\Debug\Exceptions->errorHandler(8, 'Undefined varia...', 'C:\\xampp\\htdocs...', 40, Array)
#1 C:\xampp\htdocs\bsbl\vendor\codeigniter4\framework\system\Debug\Toolbar.php(413): include('C:\\xampp\\htdocs...')
#2 C:\xampp\htdocs\bsbl\vendor\codeigniter4\framework\system\Debug\Toolbar.php(375): CodeIgniter\Debug\Toolbar->format(Array, 'html')
#3 C:\xampp\htdocs\bsbl\app\Config\Events.php(48): CodeIgniter\Debug\Toolbar->respond()
#4 C:\xampp\htdocs\bsbl\vendor\codeigniter4\framework\system\Events\Events.php(149): CodeIgniter\Events\Events::Config\{closure}()
#5 C:\xampp\htdocs\bsbl\vendor\codeigniter4\framework\system\CodeIgniter.php(299): CodeIgniter\Events\Events::trigger('pre_system')
#6 C:\xampp\htdocs\bsbl\index.php(37): CodeIgniter\CodeIgniter->run()
#7 {main}
