ERROR - 2021-10-15 04:54:49 --> Error connecting to the database: pg_connect(): Unable to connect to PostgreSQL server: could not translate host name &quot;ec2-35-171-250-21.compute-1.amazonaws.com&quot; to address: Name or service not known
CRITICAL - 2021-10-15 04:54:49 --> Unable to connect to the database.
Main connection [Postgre]: pg_connect(): Unable to connect to PostgreSQL server: could not translate host name &quot;ec2-35-171-250-21.compute-1.amazonaws.com&quot; to address: Name or service not known
#0 /opt/lampp/htdocs/bsbl/vendor/codeigniter4/framework/system/Database/BaseConnection.php(570): CodeIgniter\Database\BaseConnection->initialize()
#1 /opt/lampp/htdocs/bsbl/vendor/codeigniter4/framework/system/Database/BaseBuilder.php(1428): CodeIgniter\Database\BaseConnection->query('SELECT "id", "p...', Array, false)
#2 /opt/lampp/htdocs/bsbl/app/Models/NasabahModel.php(124): CodeIgniter\Database\BaseBuilder->get()
#3 /opt/lampp/htdocs/bsbl/app/Controllers/Nasabah.php(191): App\Models\NasabahModel->getNasabahByEmail('elkoro424@gmail...')
#4 /opt/lampp/htdocs/bsbl/vendor/codeigniter4/framework/system/CodeIgniter.php(802): App\Controllers\Nasabah->login()
#5 /opt/lampp/htdocs/bsbl/vendor/codeigniter4/framework/system/CodeIgniter.php(399): CodeIgniter\CodeIgniter->runController(Object(App\Controllers\Nasabah))
#6 /opt/lampp/htdocs/bsbl/vendor/codeigniter4/framework/system/CodeIgniter.php(317): CodeIgniter\CodeIgniter->handleRequest(NULL, Object(Config\Cache), false)
#7 /opt/lampp/htdocs/bsbl/index.php(37): CodeIgniter\CodeIgniter->run()
#8 {main}
ERROR - 2021-10-15 04:57:51 --> Error connecting to the database: pg_connect(): Unable to connect to PostgreSQL server: could not translate host name &quot;ec2-35-171-250-21.compute-1.amazonaws.com&quot; to address: Name or service not known
CRITICAL - 2021-10-15 04:57:51 --> Unable to connect to the database.
Main connection [Postgre]: pg_connect(): Unable to connect to PostgreSQL server: could not translate host name &quot;ec2-35-171-250-21.compute-1.amazonaws.com&quot; to address: Name or service not known
#0 /opt/lampp/htdocs/bsbl/vendor/codeigniter4/framework/system/Database/BaseConnection.php(570): CodeIgniter\Database\BaseConnection->initialize()
#1 /opt/lampp/htdocs/bsbl/vendor/codeigniter4/framework/system/Database/BaseBuilder.php(1428): CodeIgniter\Database\BaseConnection->query('SELECT "id", "p...', Array, false)
#2 /opt/lampp/htdocs/bsbl/app/Models/NasabahModel.php(124): CodeIgniter\Database\BaseBuilder->get()
#3 /opt/lampp/htdocs/bsbl/app/Controllers/Nasabah.php(191): App\Models\NasabahModel->getNasabahByEmail('elkoro@gmail.co...')
#4 /opt/lampp/htdocs/bsbl/vendor/codeigniter4/framework/system/CodeIgniter.php(802): App\Controllers\Nasabah->login()
#5 /opt/lampp/htdocs/bsbl/vendor/codeigniter4/framework/system/CodeIgniter.php(399): CodeIgniter\CodeIgniter->runController(Object(App\Controllers\Nasabah))
#6 /opt/lampp/htdocs/bsbl/vendor/codeigniter4/framework/system/CodeIgniter.php(317): CodeIgniter\CodeIgniter->handleRequest(NULL, Object(Config\Cache), false)
#7 /opt/lampp/htdocs/bsbl/index.php(37): CodeIgniter\CodeIgniter->run()
#8 {main}
ERROR - 2021-10-15 04:58:32 --> Error connecting to the database: pg_connect(): Unable to connect to PostgreSQL server: could not translate host name &quot;ec2-35-171-250-21.compute-1.amazonaws.com&quot; to address: Name or service not known
CRITICAL - 2021-10-15 04:58:32 --> Unable to connect to the database.
Main connection [Postgre]: pg_connect(): Unable to connect to PostgreSQL server: could not translate host name &quot;ec2-35-171-250-21.compute-1.amazonaws.com&quot; to address: Name or service not known
#0 /opt/lampp/htdocs/bsbl/vendor/codeigniter4/framework/system/Database/BaseConnection.php(570): CodeIgniter\Database\BaseConnection->initialize()
#1 /opt/lampp/htdocs/bsbl/vendor/codeigniter4/framework/system/Database/BaseBuilder.php(1428): CodeIgniter\Database\BaseConnection->query('SELECT "id", "p...', Array, false)
#2 /opt/lampp/htdocs/bsbl/app/Models/NasabahModel.php(124): CodeIgniter\Database\BaseBuilder->get()
#3 /opt/lampp/htdocs/bsbl/app/Controllers/Nasabah.php(191): App\Models\NasabahModel->getNasabahByEmail('elkoro424@gmail...')
#4 /opt/lampp/htdocs/bsbl/vendor/codeigniter4/framework/system/CodeIgniter.php(802): App\Controllers\Nasabah->login()
#5 /opt/lampp/htdocs/bsbl/vendor/codeigniter4/framework/system/CodeIgniter.php(399): CodeIgniter\CodeIgniter->runController(Object(App\Controllers\Nasabah))
#6 /opt/lampp/htdocs/bsbl/vendor/codeigniter4/framework/system/CodeIgniter.php(317): CodeIgniter\CodeIgniter->handleRequest(NULL, Object(Config\Cache), false)
#7 /opt/lampp/htdocs/bsbl/index.php(37): CodeIgniter\CodeIgniter->run()
#8 {main}
CRITICAL - 2021-10-15 05:43:04 --> Undefined index: token
#0 /opt/lampp/htdocs/bsbl/app/Controllers/Dashboard.php(24): CodeIgniter\Debug\Exceptions->errorHandler(8, 'Undefined index...', '/opt/lampp/htdo...', 24, Array)
#1 /opt/lampp/htdocs/bsbl/vendor/codeigniter4/framework/system/CodeIgniter.php(802): App\Controllers\Dashboard->dashboardNasabah()
#2 /opt/lampp/htdocs/bsbl/vendor/codeigniter4/framework/system/CodeIgniter.php(399): CodeIgniter\CodeIgniter->runController(Object(App\Controllers\Dashboard))
#3 /opt/lampp/htdocs/bsbl/vendor/codeigniter4/framework/system/CodeIgniter.php(317): CodeIgniter\CodeIgniter->handleRequest(NULL, Object(Config\Cache), false)
#4 /opt/lampp/htdocs/bsbl/index.php(37): CodeIgniter\CodeIgniter->run()
#5 {main}
CRITICAL - 2021-10-15 05:43:58 --> Argument 1 passed to App\Controllers\BaseController::tokenDecoded() must be of the type string, null given, called in /opt/lampp/htdocs/bsbl/app/Controllers/Dashboard.php on line 25
#0 /opt/lampp/htdocs/bsbl/app/Controllers/Dashboard.php(25): App\Controllers\BaseController->tokenDecoded(NULL)
#1 /opt/lampp/htdocs/bsbl/vendor/codeigniter4/framework/system/CodeIgniter.php(802): App\Controllers\Dashboard->dashboardNasabah()
#2 /opt/lampp/htdocs/bsbl/vendor/codeigniter4/framework/system/CodeIgniter.php(399): CodeIgniter\CodeIgniter->runController(Object(App\Controllers\Dashboard))
#3 /opt/lampp/htdocs/bsbl/vendor/codeigniter4/framework/system/CodeIgniter.php(317): CodeIgniter\CodeIgniter->handleRequest(NULL, Object(Config\Cache), false)
#4 /opt/lampp/htdocs/bsbl/index.php(37): CodeIgniter\CodeIgniter->run()
#5 {main}
CRITICAL - 2021-10-15 07:01:03 --> Return value of App\Controllers\BaseController::checkToken() must be of the type array, none returned
#0 /opt/lampp/htdocs/bsbl/app/Controllers/Nasabah.php(277): App\Controllers\BaseController->checkToken('eyJ0eXAiOiJKV1Q...', 'nasabah')
#1 /opt/lampp/htdocs/bsbl/vendor/codeigniter4/framework/system/CodeIgniter.php(802): App\Controllers\Nasabah->sessionCheck()
#2 /opt/lampp/htdocs/bsbl/vendor/codeigniter4/framework/system/CodeIgniter.php(399): CodeIgniter\CodeIgniter->runController(Object(App\Controllers\Nasabah))
#3 /opt/lampp/htdocs/bsbl/vendor/codeigniter4/framework/system/CodeIgniter.php(317): CodeIgniter\CodeIgniter->handleRequest(NULL, Object(Config\Cache), false)
#4 /opt/lampp/htdocs/bsbl/index.php(37): CodeIgniter\CodeIgniter->run()
#5 {main}
CRITICAL - 2021-10-15 08:40:52 -->  route cannot be found while reverse-routing.
#0 /opt/lampp/htdocs/bsbl/vendor/codeigniter4/framework/system/HTTP/RedirectResponse.php(56): CodeIgniter\HTTP\Exceptions\HTTPException::forInvalidRedirectRoute('')
#1 /opt/lampp/htdocs/bsbl/vendor/codeigniter4/framework/system/Common.php(835): CodeIgniter\HTTP\RedirectResponse->route(false)
#2 /opt/lampp/htdocs/bsbl/app/Controllers/Dashboard.php(30): redirect('/login')
#3 /opt/lampp/htdocs/bsbl/vendor/codeigniter4/framework/system/CodeIgniter.php(802): App\Controllers\Dashboard->dashboardNasabah()
#4 /opt/lampp/htdocs/bsbl/vendor/codeigniter4/framework/system/CodeIgniter.php(399): CodeIgniter\CodeIgniter->runController(Object(App\Controllers\Dashboard))
#5 /opt/lampp/htdocs/bsbl/vendor/codeigniter4/framework/system/CodeIgniter.php(317): CodeIgniter\CodeIgniter->handleRequest(NULL, Object(Config\Cache), false)
#6 /opt/lampp/htdocs/bsbl/index.php(37): CodeIgniter\CodeIgniter->run()
#7 {main}
CRITICAL - 2021-10-15 08:41:33 -->  route cannot be found while reverse-routing.
#0 /opt/lampp/htdocs/bsbl/vendor/codeigniter4/framework/system/HTTP/RedirectResponse.php(56): CodeIgniter\HTTP\Exceptions\HTTPException::forInvalidRedirectRoute('')
#1 /opt/lampp/htdocs/bsbl/vendor/codeigniter4/framework/system/Common.php(835): CodeIgniter\HTTP\RedirectResponse->route(false)
#2 /opt/lampp/htdocs/bsbl/app/Controllers/Dashboard.php(30): redirect('Login::index')
#3 /opt/lampp/htdocs/bsbl/vendor/codeigniter4/framework/system/CodeIgniter.php(802): App\Controllers\Dashboard->dashboardNasabah()
#4 /opt/lampp/htdocs/bsbl/vendor/codeigniter4/framework/system/CodeIgniter.php(399): CodeIgniter\CodeIgniter->runController(Object(App\Controllers\Dashboard))
#5 /opt/lampp/htdocs/bsbl/vendor/codeigniter4/framework/system/CodeIgniter.php(317): CodeIgniter\CodeIgniter->handleRequest(NULL, Object(Config\Cache), false)
#6 /opt/lampp/htdocs/bsbl/index.php(37): CodeIgniter\CodeIgniter->run()
#7 {main}
