CRITICAL - 2021-10-12 00:18:27 --> Return value of App\Controllers\BaseController::checkToken() must be of the type array, none returned
#0 /opt/lampp/htdocs/bsblapi/app/Controllers/Transaksi.php(181): App\Controllers\BaseController->checkToken('eyJ0eXAiOiJKV1Q...', 'union')
#1 /opt/lampp/htdocs/bsblapi/vendor/codeigniter4/framework/system/CodeIgniter.php(802): App\Controllers\Transaksi->getData()
#2 /opt/lampp/htdocs/bsblapi/vendor/codeigniter4/framework/system/CodeIgniter.php(399): CodeIgniter\CodeIgniter->runController(Object(App\Controllers\Transaksi))
#3 /opt/lampp/htdocs/bsblapi/vendor/codeigniter4/framework/system/CodeIgniter.php(317): CodeIgniter\CodeIgniter->handleRequest(NULL, Object(Config\Cache), false)
#4 /opt/lampp/htdocs/bsblapi/index.php(37): CodeIgniter\CodeIgniter->run()
#5 {main}
ERROR - 2021-10-12 00:31:27 --> Error connecting to the database: pg_connect(): Unable to connect to PostgreSQL server: could not translate host name &quot;ec2-35-171-250-21.compute-1.amazonaws.com&quot; to address: Name or service not known
CRITICAL - 2021-10-12 00:31:27 --> Unable to connect to the database.
Main connection [Postgre]: pg_connect(): Unable to connect to PostgreSQL server: could not translate host name &quot;ec2-35-171-250-21.compute-1.amazonaws.com&quot; to address: Name or service not known
#0 /opt/lampp/htdocs/bsblapi/vendor/codeigniter4/framework/system/Database/BaseConnection.php(570): CodeIgniter\Database\BaseConnection->initialize()
#1 /opt/lampp/htdocs/bsblapi/vendor/codeigniter4/framework/system/Database/BaseBuilder.php(1428): CodeIgniter\Database\BaseConnection->query('SELECT "token"\n...', Array, false)
#2 /opt/lampp/htdocs/bsblapi/app/Controllers/BaseController.php(193): CodeIgniter\Database\BaseBuilder->get()
#3 /opt/lampp/htdocs/bsblapi/app/Controllers/Transaksi.php(181): App\Controllers\BaseController->checkToken('eyJ0eXAiOiJKV1Q...', 'union')
#4 /opt/lampp/htdocs/bsblapi/vendor/codeigniter4/framework/system/CodeIgniter.php(802): App\Controllers\Transaksi->getData()
#5 /opt/lampp/htdocs/bsblapi/vendor/codeigniter4/framework/system/CodeIgniter.php(399): CodeIgniter\CodeIgniter->runController(Object(App\Controllers\Transaksi))
#6 /opt/lampp/htdocs/bsblapi/vendor/codeigniter4/framework/system/CodeIgniter.php(317): CodeIgniter\CodeIgniter->handleRequest(NULL, Object(Config\Cache), false)
#7 /opt/lampp/htdocs/bsblapi/index.php(37): CodeIgniter\CodeIgniter->run()
#8 {main}
CRITICAL - 2021-10-12 00:32:22 --> Return value of App\Controllers\BaseController::checkToken() must be of the type array, none returned
#0 /opt/lampp/htdocs/bsblapi/app/Controllers/Transaksi.php(181): App\Controllers\BaseController->checkToken('eyJ0eXAiOiJKV1Q...', 'union')
#1 /opt/lampp/htdocs/bsblapi/vendor/codeigniter4/framework/system/CodeIgniter.php(802): App\Controllers\Transaksi->getData()
#2 /opt/lampp/htdocs/bsblapi/vendor/codeigniter4/framework/system/CodeIgniter.php(399): CodeIgniter\CodeIgniter->runController(Object(App\Controllers\Transaksi))
#3 /opt/lampp/htdocs/bsblapi/vendor/codeigniter4/framework/system/CodeIgniter.php(317): CodeIgniter\CodeIgniter->handleRequest(NULL, Object(Config\Cache), false)
#4 /opt/lampp/htdocs/bsblapi/index.php(37): CodeIgniter\CodeIgniter->run()
#5 {main}
CRITICAL - 2021-10-12 00:34:51 --> Return value of App\Controllers\BaseController::checkToken() must be of the type array, none returned
#0 /opt/lampp/htdocs/bsblapi/app/Controllers/Transaksi.php(181): App\Controllers\BaseController->checkToken('eyJ0eXAiOiJKV1Q...', 'union')
#1 /opt/lampp/htdocs/bsblapi/vendor/codeigniter4/framework/system/CodeIgniter.php(802): App\Controllers\Transaksi->getData()
#2 /opt/lampp/htdocs/bsblapi/vendor/codeigniter4/framework/system/CodeIgniter.php(399): CodeIgniter\CodeIgniter->runController(Object(App\Controllers\Transaksi))
#3 /opt/lampp/htdocs/bsblapi/vendor/codeigniter4/framework/system/CodeIgniter.php(317): CodeIgniter\CodeIgniter->handleRequest(NULL, Object(Config\Cache), false)
#4 /opt/lampp/htdocs/bsblapi/index.php(37): CodeIgniter\CodeIgniter->run()
#5 {main}
ERROR - 2021-10-12 03:56:09 --> Error connecting to the database: pg_connect(): Unable to connect to PostgreSQL server: could not translate host name &quot;ec2-35-171-250-21.compute-1.amazonaws.com&quot; to address: Name or service not known
CRITICAL - 2021-10-12 03:56:09 --> Unable to connect to the database.
Main connection [Postgre]: pg_connect(): Unable to connect to PostgreSQL server: could not translate host name &quot;ec2-35-171-250-21.compute-1.amazonaws.com&quot; to address: Name or service not known
#0 /opt/lampp/htdocs/bsblapi/vendor/codeigniter4/framework/system/Database/BaseConnection.php(570): CodeIgniter\Database\BaseConnection->initialize()
#1 /opt/lampp/htdocs/bsblapi/vendor/codeigniter4/framework/system/Database/BaseBuilder.php(1428): CodeIgniter\Database\BaseConnection->query('SELECT "token"\n...', Array, false)
#2 /opt/lampp/htdocs/bsblapi/app/Controllers/BaseController.php(202): CodeIgniter\Database\BaseBuilder->get()
#3 /opt/lampp/htdocs/bsblapi/app/Controllers/Nasabah.php(348): App\Controllers\BaseController->checkToken('eyJ0eXAiOiJKV1Q...', 'nasabah')
#4 /opt/lampp/htdocs/bsblapi/vendor/codeigniter4/framework/system/CodeIgniter.php(802): App\Controllers\Nasabah->getSaldo()
#5 /opt/lampp/htdocs/bsblapi/vendor/codeigniter4/framework/system/CodeIgniter.php(399): CodeIgniter\CodeIgniter->runController(Object(App\Controllers\Nasabah))
#6 /opt/lampp/htdocs/bsblapi/vendor/codeigniter4/framework/system/CodeIgniter.php(317): CodeIgniter\CodeIgniter->handleRequest(NULL, Object(Config\Cache), false)
#7 /opt/lampp/htdocs/bsblapi/index.php(37): CodeIgniter\CodeIgniter->run()
#8 {main}
ERROR - 2021-10-12 03:58:38 --> Error connecting to the database: pg_connect(): Unable to connect to PostgreSQL server: timeout expired
CRITICAL - 2021-10-12 03:58:38 --> Unable to connect to the database.
Main connection [Postgre]: pg_connect(): Unable to connect to PostgreSQL server: timeout expired
#0 /opt/lampp/htdocs/bsblapi/vendor/codeigniter4/framework/system/Database/BaseConnection.php(570): CodeIgniter\Database\BaseConnection->initialize()
#1 /opt/lampp/htdocs/bsblapi/vendor/codeigniter4/framework/system/Database/BaseBuilder.php(1428): CodeIgniter\Database\BaseConnection->query('SELECT "token"\n...', Array, false)
#2 /opt/lampp/htdocs/bsblapi/app/Controllers/BaseController.php(202): CodeIgniter\Database\BaseBuilder->get()
#3 /opt/lampp/htdocs/bsblapi/app/Controllers/Nasabah.php(348): App\Controllers\BaseController->checkToken('eyJ0eXAiOiJKV1Q...', 'nasabah')
#4 /opt/lampp/htdocs/bsblapi/vendor/codeigniter4/framework/system/CodeIgniter.php(802): App\Controllers\Nasabah->getSaldo()
#5 /opt/lampp/htdocs/bsblapi/vendor/codeigniter4/framework/system/CodeIgniter.php(399): CodeIgniter\CodeIgniter->runController(Object(App\Controllers\Nasabah))
#6 /opt/lampp/htdocs/bsblapi/vendor/codeigniter4/framework/system/CodeIgniter.php(317): CodeIgniter\CodeIgniter->handleRequest(NULL, Object(Config\Cache), false)
#7 /opt/lampp/htdocs/bsblapi/index.php(37): CodeIgniter\CodeIgniter->run()
#8 {main}
CRITICAL - 2021-10-12 03:58:47 --> Undefined index: price
#0 /opt/lampp/htdocs/bsblapi/app/Controllers/Transaksi.php(336): CodeIgniter\Debug\Exceptions->errorHandler(8, 'Undefined index...', '/opt/lampp/htdo...', 336, Array)
#1 /opt/lampp/htdocs/bsblapi/app/Controllers/Transaksi.php(326): App\Controllers\Transaksi->getHargaEmas()
#2 /opt/lampp/htdocs/bsblapi/app/Controllers/Transaksi.php(263): App\Controllers\Transaksi->konversiSaldo(Array)
#3 /opt/lampp/htdocs/bsblapi/vendor/codeigniter4/framework/system/CodeIgniter.php(802): App\Controllers\Transaksi->pindahSaldo()
#4 /opt/lampp/htdocs/bsblapi/vendor/codeigniter4/framework/system/CodeIgniter.php(399): CodeIgniter\CodeIgniter->runController(Object(App\Controllers\Transaksi))
#5 /opt/lampp/htdocs/bsblapi/vendor/codeigniter4/framework/system/CodeIgniter.php(317): CodeIgniter\CodeIgniter->handleRequest(NULL, Object(Config\Cache), false)
#6 /opt/lampp/htdocs/bsblapi/index.php(37): CodeIgniter\CodeIgniter->run()
#7 {main}
ERROR - 2021-10-12 04:07:59 --> Error connecting to the database: pg_connect(): Unable to connect to PostgreSQL server: could not translate host name &quot;ec2-35-171-250-21.compute-1.amazonaws.com&quot; to address: Name or service not known
CRITICAL - 2021-10-12 04:07:59 --> Unable to connect to the database.
Main connection [Postgre]: pg_connect(): Unable to connect to PostgreSQL server: could not translate host name &quot;ec2-35-171-250-21.compute-1.amazonaws.com&quot; to address: Name or service not known
#0 /opt/lampp/htdocs/bsblapi/vendor/codeigniter4/framework/system/Database/BaseConnection.php(570): CodeIgniter\Database\BaseConnection->initialize()
#1 /opt/lampp/htdocs/bsblapi/vendor/codeigniter4/framework/system/Database/BaseBuilder.php(1428): CodeIgniter\Database\BaseConnection->query('SELECT "token"\n...', Array, false)
#2 /opt/lampp/htdocs/bsblapi/app/Controllers/BaseController.php(202): CodeIgniter\Database\BaseBuilder->get()
#3 /opt/lampp/htdocs/bsblapi/app/Controllers/Transaksi.php(229): App\Controllers\BaseController->checkToken('eyJ0eXAiOiJKV1Q...', 'nasabah')
#4 /opt/lampp/htdocs/bsblapi/vendor/codeigniter4/framework/system/CodeIgniter.php(802): App\Controllers\Transaksi->pindahSaldo()
#5 /opt/lampp/htdocs/bsblapi/vendor/codeigniter4/framework/system/CodeIgniter.php(399): CodeIgniter\CodeIgniter->runController(Object(App\Controllers\Transaksi))
#6 /opt/lampp/htdocs/bsblapi/vendor/codeigniter4/framework/system/CodeIgniter.php(317): CodeIgniter\CodeIgniter->handleRequest(NULL, Object(Config\Cache), false)
#7 /opt/lampp/htdocs/bsblapi/index.php(37): CodeIgniter\CodeIgniter->run()
#8 {main}
CRITICAL - 2021-10-12 04:08:20 --> Illegal string offset 'date'
#0 /opt/lampp/htdocs/bsblapi/app/Controllers/Transaksi.php(250): CodeIgniter\Debug\Exceptions->errorHandler(2, 'Illegal string ...', '/opt/lampp/htdo...', 250, Array)
#1 /opt/lampp/htdocs/bsblapi/vendor/codeigniter4/framework/system/CodeIgniter.php(802): App\Controllers\Transaksi->pindahSaldo()
#2 /opt/lampp/htdocs/bsblapi/vendor/codeigniter4/framework/system/CodeIgniter.php(399): CodeIgniter\CodeIgniter->runController(Object(App\Controllers\Transaksi))
#3 /opt/lampp/htdocs/bsblapi/vendor/codeigniter4/framework/system/CodeIgniter.php(317): CodeIgniter\CodeIgniter->handleRequest(NULL, Object(Config\Cache), false)
#4 /opt/lampp/htdocs/bsblapi/index.php(37): CodeIgniter\CodeIgniter->run()
#5 {main}
CRITICAL - 2021-10-12 04:33:55 --> Undefined offset: 0
#0 /opt/lampp/htdocs/bsblapi/app/Models/TransaksiModel.php(229): CodeIgniter\Debug\Exceptions->errorHandler(8, 'Undefined offse...', '/opt/lampp/htdo...', 229, Array)
#1 /opt/lampp/htdocs/bsblapi/app/Controllers/Transaksi.php(247): App\Models\TransaksiModel->jatahPindahSaldoCheck('1541402081')
#2 /opt/lampp/htdocs/bsblapi/vendor/codeigniter4/framework/system/CodeIgniter.php(802): App\Controllers\Transaksi->pindahSaldo()
#3 /opt/lampp/htdocs/bsblapi/vendor/codeigniter4/framework/system/CodeIgniter.php(399): CodeIgniter\CodeIgniter->runController(Object(App\Controllers\Transaksi))
#4 /opt/lampp/htdocs/bsblapi/vendor/codeigniter4/framework/system/CodeIgniter.php(317): CodeIgniter\CodeIgniter->handleRequest(NULL, Object(Config\Cache), false)
#5 /opt/lampp/htdocs/bsblapi/index.php(37): CodeIgniter\CodeIgniter->run()
#6 {main}
